0 0.508699
1 0.45076
2 0.395481
3 0.345062
4 0.30077
5 0.262866
6 0.230898
7 0.204081
8 0.181579
9 0.162639
10 0.14663
11 0.133041
12 0.121455
13 0.111532
14 0.102993
15 0.0956092
16 0.0891892
17 0.0835767
18 0.0786423
19 0.0742797
20 0.0704013
21 0.0669349
22 0.0638208
23 0.0610096
24 0.0584601
25 0.056138
26 0.0540145
27 0.0520653
28 0.0502696
29 0.0486101
30 0.0470715
31 0.0456411
32 0.0443075
33 0.0430612
34 0.0418937
35 0.0407975
36 0.0397662
37 0.038794
38 0.0378759
39 0.0370073
40 0.0361842
41 0.0354031
42 0.0346607
43 0.033954
44 0.0332806
45 0.032638
46 0.032024
47 0.0314368
48 0.0308746
49 0.0303357
50 0.0298186
51 0.0293221
52 0.0288448
53 0.0283857
54 0.0279436
55 0.0275177
56 0.0271069
57 0.0267105
58 0.0263277
59 0.0259577
60 0.0256
61 0.0252539
62 0.0249187
63 0.0245941
64 0.0242794
65 0.0239742
66 0.0236781
67 0.0233906
68 0.0231114
69 0.02284
70 0.0225762
71 0.0223196
72 0.0220698
73 0.0218268
74 0.02159
75 0.0213594
76 0.0211346
77 0.0209154
78 0.0207017
79 0.0204931
80 0.0202895
81 0.0200908
82 0.0198966
83 0.019707
84 0.0195216
85 0.0193404
86 0.0191632
87 0.0189899
88 0.0188203
89 0.0186544
90 0.0184919
91 0.0183328
92 0.018177
93 0.0180244
94 0.0178748
95 0.0177282
96 0.0175844
97 0.0174435
98 0.0173052
99 0.0171696
100 0.0170366
101 0.016906
102 0.0167778
103 0.0166519
104 0.0165283
105 0.0164069
106 0.0162876
107 0.0161704
108 0.0160553
109 0.0159421
110 0.0158308
111 0.0157214
112 0.0156138
113 0.015508
114 0.0154039
115 0.0153015
116 0.0152007
117 0.0151016
118 0.0150039
119 0.0149078
120 0.0148132
121 0.01472
122 0.0146283
123 0.0145379
124 0.0144489
125 0.0143611
126 0.0142747
127 0.0141895
128 0.0141055
129 0.0140228
130 0.0139412
131 0.0138607
132 0.0137814
133 0.0137032
134 0.013626
135 0.0135499
136 0.0134748
137 0.0134007
138 0.0133276
139 0.0132555
140 0.0131843
141 0.0131141
142 0.0130447
143 0.0129762
144 0.0129086
145 0.0128419
146 0.0127759
147 0.0127108
148 0.0126465
149 0.012583
150 0.0125203
151 0.0124583
152 0.0123971
153 0.0123366
154 0.0122768
155 0.0122177
156 0.0121592
157 0.0121015
158 0.0120444
159 0.011988
160 0.0119323
161 0.0118771
162 0.0118226
163 0.0117687
164 0.0117153
165 0.0116626
166 0.0116104
167 0.0115588
168 0.0115078
169 0.0114573
170 0.0114073
171 0.0113579
172 0.011309
173 0.0112606
174 0.0112127
175 0.0111653
176 0.0111183
177 0.0110719
178 0.0110259
179 0.0109804
180 0.0109354
181 0.0108908
182 0.0108466
183 0.0108029
184 0.0107596
185 0.0107167
186 0.0106743
187 0.0106322
188 0.0105906
189 0.0105493
190 0.0105084
191 0.010468
192 0.0104279
193 0.0103881
194 0.0103488
195 0.0103098
196 0.0102711
197 0.0102329
198 0.0101949
199 0.0101573
200 0.01012
201 0.0100831
202 0.0100465
203 0.0100102
204 0.00997428
205 0.00993864
206 0.0099033
207 0.00986827
208 0.00983354
209 0.00979911
210 0.00976497
211 0.00973112
212 0.00969756
213 0.00966428
214 0.00963128
215 0.00959855
216 0.00956609
217 0.0095339
218 0.00950197
219 0.0094703
220 0.00943889
221 0.00940774
222 0.00937683
223 0.00934617
224 0.00931576
225 0.00928559
226 0.00925565
227 0.00922595
228 0.00919648
229 0.00916724
230 0.00913823
231 0.00910944
232 0.00908087
233 0.00905252
234 0.00902439
235 0.00899647
236 0.00896876
237 0.00894126
238 0.00891396
239 0.00888687
240 0.00885997
241 0.00883328
242 0.00880678
243 0.00878048
244 0.00875436
245 0.00872844
246 0.0087027
247 0.00867715
248 0.00865178
249 0.0086266
250 0.00860159
251 0.00857676
252 0.0085521
253 0.00852761
254 0.0085033
255 0.00847916
256 0.00845518
257 0.00843137
258 0.00840772
259 0.00838424
260 0.00836091
261 0.00833774
262 0.00831473
263 0.00829188
264 0.00826917
265 0.00824662
266 0.00822422
267 0.00820197
268 0.00817987
269 0.00815791
270 0.00813609
271 0.00811442
272 0.00809289
273 0.00807149
274 0.00805024
275 0.00802912
276 0.00800814
277 0.00798729
278 0.00796657
279 0.00794599
280 0.00792553
281 0.00790521
282 0.00788501
283 0.00786493
284 0.00784498
285 0.00782516
286 0.00780546
287 0.00778588
288 0.00776642
289 0.00774707
290 0.00772785
291 0.00770874
292 0.00768975
293 0.00767087
294 0.00765211
295 0.00763345
296 0.00761491
297 0.00759648
298 0.00757816
299 0.00755994
300 0.00754183
301 0.00752383
302 0.00750594
303 0.00748814
304 0.00747046
305 0.00745287
306 0.00743538
307 0.007418
308 0.00740071
309 0.00738352
310 0.00736643
311 0.00734944
312 0.00733254
313 0.00731574
314 0.00729903
315 0.00728242
316 0.00726589
317 0.00724946
318 0.00723312
319 0.00721687
320 0.00720071
321 0.00718464
322 0.00716866
323 0.00715276
324 0.00713695
325 0.00712122
326 0.00710558
327 0.00709003
328 0.00707455
329 0.00705916
330 0.00704385
331 0.00702863
332 0.00701348
333 0.00699841
334 0.00698343
335 0.00696852
336 0.00695368
337 0.00693893
338 0.00692425
339 0.00690965
340 0.00689513
341 0.00688067
342 0.0068663
343 0.00685199
344 0.00683776
345 0.0068236
346 0.00680952
347 0.0067955
348 0.00678156
349 0.00676768
350 0.00675388
351 0.00674014
352 0.00672647
353 0.00671287
354 0.00669934
355 0.00668587
356 0.00667247
357 0.00665914
358 0.00664587
359 0.00663267
360 0.00661953
361 0.00660645
362 0.00659344
363 0.00658049
364 0.0065676
365 0.00655478
366 0.00654201
367 0.00652931
368 0.00651667
369 0.00650408
370 0.00649156
371 0.00647909
372 0.00646669
373 0.00645434
374 0.00644205
375 0.00642982
376 0.00641764
377 0.00640552
378 0.00639346
379 0.00638145
380 0.0063695
381 0.0063576
382 0.00634576
383 0.00633397
384 0.00632224
385 0.00631056
386 0.00629893
387 0.00628735
388 0.00627583
389 0.00626435
390 0.00625293
391 0.00624156
392 0.00623024
393 0.00621897
394 0.00620776
395 0.00619659
396 0.00618547
397 0.0061744
398 0.00616337
399 0.0061524
400 0.00614147
401 0.00613059
402 0.00611976
403 0.00610898
404 0.00609824
405 0.00608755
406 0.0060769
407 0.0060663
408 0.00605574
409 0.00604523
410 0.00603477
411 0.00602435
412 0.00601397
413 0.00600364
414 0.00599335
415 0.0059831
416 0.0059729
417 0.00596274
418 0.00595262
419 0.00594255
420 0.00593251
421 0.00592252
422 0.00591257
423 0.00590266
424 0.00589279
425 0.00588296
426 0.00587317
427 0.00586342
428 0.00585371
429 0.00584404
430 0.00583441
431 0.00582482
432 0.00581527
433 0.00580575
434 0.00579628
435 0.00578684
436 0.00577744
437 0.00576808
438 0.00575875
439 0.00574946
440 0.00574021
441 0.00573099
442 0.00572181
443 0.00571267
444 0.00570356
445 0.00569449
446 0.00568546
447 0.00567645
448 0.00566749
449 0.00565856
450 0.00564966
451 0.0056408
452 0.00563197
453 0.00562317
454 0.00561441
455 0.00560569
456 0.00559699
457 0.00558833
458 0.0055797
459 0.00557111
460 0.00556255
461 0.00555402
462 0.00554552
463 0.00553705
464 0.00552862
465 0.00552021
466 0.00551184
467 0.0055035
468 0.00549519
469 0.00548691
470 0.00547866
471 0.00547045
472 0.00546226
473 0.0054541
474 0.00544597
475 0.00543788
476 0.00542981
477 0.00542177
478 0.00541376
479 0.00540578
480 0.00539783
481 0.0053899
482 0.00538201
483 0.00537414
484 0.00536631
485 0.0053585
486 0.00535071
487 0.00534296
488 0.00533523
489 0.00532753
490 0.00531986
491 0.00531222
492 0.0053046
493 0.00529701
494 0.00528945
495 0.00528191
496 0.0052744
497 0.00526691
498 0.00525945
499 0.00525202
500 0.00524461
501 0.00523723
502 0.00522988
503 0.00522254
504 0.00521524
505 0.00520796
506 0.0052007
507 0.00519347
508 0.00518627
509 0.00517909
510 0.00517193
511 0.0051648
512 0.00515769
513 0.0051506
514 0.00514354
515 0.00513651
516 0.0051295
517 0.00512251
518 0.00511554
519 0.0051086
520 0.00510168
521 0.00509478
522 0.00508791
523 0.00508106
524 0.00507423
525 0.00506742
526 0.00506064
527 0.00505388
528 0.00504714
529 0.00504042
530 0.00503373
531 0.00502706
532 0.00502041
533 0.00501378
534 0.00500717
535 0.00500058
536 0.00499402
537 0.00498747
538 0.00498095
539 0.00497445
540 0.00496797
541 0.00496151
542 0.00495507
543 0.00494865
544 0.00494225
545 0.00493587
546 0.00492951
547 0.00492317
548 0.00491686
549 0.00491056
550 0.00490428
551 0.00489802
552 0.00489178
553 0.00488556
554 0.00487936
555 0.00487318
556 0.00486702
557 0.00486088
558 0.00485476
559 0.00484865
560 0.00484257
561 0.0048365
562 0.00483045
563 0.00482442
564 0.00481841
565 0.00481242
566 0.00480645
567 0.00480049
568 0.00479455
569 0.00478863
570 0.00478273
571 0.00477685
572 0.00477098
573 0.00476513
574 0.0047593
575 0.00475349
576 0.00474769
577 0.00474192
578 0.00473616
579 0.00473041
580 0.00472469
581 0.00471898
582 0.00471328
583 0.00470761
584 0.00470195
585 0.00469631
586 0.00469068
587 0.00468507
588 0.00467948
589 0.0046739
590 0.00466835
591 0.0046628
592 0.00465727
593 0.00465176
594 0.00464627
595 0.00464079
596 0.00463533
597 0.00462988
598 0.00462445
599 0.00461903
600 0.00461363
601 0.00460825
602 0.00460288
603 0.00459752
604 0.00459218
605 0.00458686
606 0.00458155
607 0.00457626
608 0.00457098
609 0.00456572
610 0.00456047
611 0.00455524
612 0.00455002
613 0.00454482
614 0.00453963
615 0.00453445
616 0.00452929
617 0.00452415
618 0.00451901
619 0.0045139
620 0.00450879
621 0.00450371
622 0.00449863
623 0.00449357
624 0.00448853
625 0.00448349
626 0.00447847
627 0.00447347
628 0.00446848
629 0.0044635
630 0.00445854
631 0.00445359
632 0.00444865
633 0.00444373
634 0.00443882
635 0.00443392
636 0.00442904
637 0.00442417
638 0.00441931
639 0.00441447
640 0.00440964
641 0.00440482
642 0.00440002
643 0.00439523
644 0.00439045
645 0.00438568
646 0.00438093
647 0.00437619
648 0.00437146
649 0.00436675
650 0.00436204
651 0.00435735
652 0.00435268
653 0.00434801
654 0.00434336
655 0.00433872
656 0.00433409
657 0.00432947
658 0.00432487
659 0.00432027
660 0.00431569
661 0.00431112
662 0.00430657
663 0.00430202
664 0.00429749
665 0.00429297
666 0.00428846
667 0.00428396
668 0.00427948
669 0.004275
670 0.00427054
671 0.00426609
672 0.00426165
673 0.00425722
674 0.0042528
675 0.00424839
676 0.004244
677 0.00423962
678 0.00423524
679 0.00423088
680 0.00422653
681 0.00422219
682 0.00421786
683 0.00421355
684 0.00420924
685 0.00420494
686 0.00420066
687 0.00419638
688 0.00419212
689 0.00418787
690 0.00418362
691 0.00417939
692 0.00417517
693 0.00417096
694 0.00416676
695 0.00416257
696 0.00415839
697 0.00415422
698 0.00415006
699 0.00414592
700 0.00414178
701 0.00413765
702 0.00413353
703 0.00412942
704 0.00412533
705 0.00412124
706 0.00411716
707 0.00411309
708 0.00410903
709 0.00410499
710 0.00410095
711 0.00409692
712 0.0040929
713 0.00408889
714 0.00408489
715 0.0040809
716 0.00407692
717 0.00407295
718 0.00406899
719 0.00406504
720 0.0040611
721 0.00405716
722 0.00405324
723 0.00404932
724 0.00404542
725 0.00404152
726 0.00403764
727 0.00403376
728 0.00402989
729 0.00402603
730 0.00402218
731 0.00401834
732 0.00401451
733 0.00401069
734 0.00400688
735 0.00400307
736 0.00399928
737 0.00399549
738 0.00399171
739 0.00398794
740 0.00398418
741 0.00398043
742 0.00397669
743 0.00397295
744 0.00396923
745 0.00396551
746 0.0039618
747 0.0039581
748 0.00395441
749 0.00395073
750 0.00394705
751 0.00394339
752 0.00393973
753 0.00393608
754 0.00393244
755 0.0039288
756 0.00392518
757 0.00392156
758 0.00391796
759 0.00391436
760 0.00391076
761 0.00390718
762 0.00390361
763 0.00390004
764 0.00389648
765 0.00389293
766 0.00388938
767 0.00388585
768 0.00388232
769 0.0038788
770 0.00387529
771 0.00387178
772 0.00386829
773 0.0038648
774 0.00386132
775 0.00385785
776 0.00385438
777 0.00385092
778 0.00384747
779 0.00384403
780 0.0038406
781 0.00383717
782 0.00383375
783 0.00383034
784 0.00382693
785 0.00382354
786 0.00382015
787 0.00381676
788 0.00381339
789 0.00381002
790 0.00380666
791 0.00380331
792 0.00379996
793 0.00379662
794 0.00379329
795 0.00378997
796 0.00378665
797 0.00378334
798 0.00378004
799 0.00377674
800 0.00377346
801 0.00377017
802 0.0037669
803 0.00376363
804 0.00376037
805 0.00375712
806 0.00375387
807 0.00375063
808 0.0037474
809 0.00374418
810 0.00374096
811 0.00373774
812 0.00373454
813 0.00373134
814 0.00372815
815 0.00372496
816 0.00372179
817 0.00371861
818 0.00371545
819 0.00371229
820 0.00370914
821 0.00370599
822 0.00370286
823 0.00369972
824 0.0036966
825 0.00369348
826 0.00369037
827 0.00368726
828 0.00368416
829 0.00368107
830 0.00367798
831 0.0036749
832 0.00367183
833 0.00366876
834 0.0036657
835 0.00366264
836 0.00365959
837 0.00365655
838 0.00365352
839 0.00365049
840 0.00364746
841 0.00364444
842 0.00364143
843 0.00363843
844 0.00363543
845 0.00363244
846 0.00362945
847 0.00362647
848 0.00362349
849 0.00362052
850 0.00361756
851 0.0036146
852 0.00361165
853 0.00360871
854 0.00360577
855 0.00360283
856 0.00359991
857 0.00359699
858 0.00359407
859 0.00359116
860 0.00358826
861 0.00358536
862 0.00358247
863 0.00357958
864 0.0035767
865 0.00357382
866 0.00357095
867 0.00356809
868 0.00356523
869 0.00356238
870 0.00355953
871 0.00355669
872 0.00355385
873 0.00355102
874 0.0035482
875 0.00354538
876 0.00354257
877 0.00353976
878 0.00353696
879 0.00353416
880 0.00353137
881 0.00352858
882 0.0035258
883 0.00352302
884 0.00352025
885 0.00351749
886 0.00351473
887 0.00351198
888 0.00350923
889 0.00350648
890 0.00350375
891 0.00350101
892 0.00349829
893 0.00349556
894 0.00349285
895 0.00349014
896 0.00348743
897 0.00348473
898 0.00348203
899 0.00347934
900 0.00347665
901 0.00347397
902 0.0034713
903 0.00346863
904 0.00346596
905 0.0034633
906 0.00346064
907 0.00345799
908 0.00345535
909 0.00345271
910 0.00345007
911 0.00344744
912 0.00344482
913 0.0034422
914 0.00343958
915 0.00343697
916 0.00343436
917 0.00343176
918 0.00342917
919 0.00342657
920 0.00342399
921 0.00342141
922 0.00341883
923 0.00341626
924 0.00341369
925 0.00341113
926 0.00340857
927 0.00340602
928 0.00340347
929 0.00340092
930 0.00339838
931 0.00339585
932 0.00339332
933 0.00339079
934 0.00338827
935 0.00338576
936 0.00338325
937 0.00338074
938 0.00337824
939 0.00337574
940 0.00337325
941 0.00337076
942 0.00336828
943 0.0033658
944 0.00336332
945 0.00336085
946 0.00335839
947 0.00335592
948 0.00335347
949 0.00335101
950 0.00334857
951 0.00334612
952 0.00334368
953 0.00334125
954 0.00333882
955 0.00333639
956 0.00333397
957 0.00333155
958 0.00332914
959 0.00332673
960 0.00332433
961 0.00332193
962 0.00331953
963 0.00331714
964 0.00331475
965 0.00331237
966 0.00330999
967 0.00330761
968 0.00330524
969 0.00330288
970 0.00330051
971 0.00329816
972 0.0032958
973 0.00329345
974 0.00329111
975 0.00328877
976 0.00328643
977 0.00328409
978 0.00328177
979 0.00327944
980 0.00327712
981 0.0032748
982 0.00327249
983 0.00327018
984 0.00326788
985 0.00326557
986 0.00326328
987 0.00326098
988 0.0032587
989 0.00325641
990 0.00325413
991 0.00325185
992 0.00324958
993 0.00324731
994 0.00324505
995 0.00324278
996 0.00324053
997 0.00323827
998 0.00323602
999 0.00323378
