Epoch : 0
Total Error : 0.457249
Output : 0.467904	0.326516	0.275598	

Epoch : 1
Total Error : 0.497792
Output : 0.438979	0.301067	0.231757	

Epoch : 2
Total Error : 0.542491
Output : 0.408016	0.27552	0.188442	

Epoch : 3
Total Error : 0.589091
Output : 0.375838	0.250491	0.148027	

Epoch : 4
Total Error : 0.634995
Output : 0.343439	0.226683	0.112569	

Epoch : 5
Total Error : 0.677998
Output : 0.311778	0.204685	0.0832392	

Epoch : 6
Total Error : 0.716762
Output : 0.28162	0.184834	0.060164	

Epoch : 7
Total Error : 0.750834
Output : 0.253505	0.167224	0.0426865	

Epoch : 8
Total Error : 0.78035
Output : 0.227773	0.151782	0.0297802	

Epoch : 9
Total Error : 0.805727
Output : 0.204595	0.138347	0.0203847	

Epoch : 10
Total Error : 0.827468
Output : 0.183997	0.126719	0.0135835	

Epoch : 11
Total Error : 0.846065
Output : 0.16588	0.116686	0.00865791	

Epoch : 12
Total Error : 0.861973
Output : 0.15006	0.10804	0.0050749	

Epoch : 13
Total Error : 0.875597
Output : 0.136302	0.100585	0.00245114	

Epoch : 14
Total Error : 0.887293
Output : 0.124356	0.094143	0.000515138	

Epoch : 15
Total Error : 0.897365
Output : 0.113974	0.0885587	-0.000922648	

Epoch : 16
Total Error : 0.906073
Output : 0.104932	0.0836978	-0.00199432	

Epoch : 17
Total Error : 0.913637
Output : 0.0970294	0.0794467	-0.00279884	

Epoch : 18
Total Error : 0.920242
Output : 0.0900949	0.0757106	-0.00340613	

Epoch : 19
Total Error : 0.926039
Output : 0.0839825	0.0724104	-0.00386604	

Epoch : 20
Total Error : 0.931154
Output : 0.0785695	0.0694807	-0.00421455	

Epoch : 21
Total Error : 0.93569
Output : 0.0737531	0.0668672	-0.00447799	

Epoch : 22
Total Error : 0.939732
Output : 0.0694477	0.0645249	-0.00467583	

Epoch : 23
Total Error : 0.943351
Output : 0.0655817	0.0624162	-0.00482268	

Epoch : 24
Total Error : 0.946605
Output : 0.0620951	0.0605098	-0.00492958	

Epoch : 25
Total Error : 0.949544
Output : 0.0589377	0.0587795	-0.00500496	

Epoch : 26
Total Error : 0.952209
Output : 0.056067	0.057203	-0.00505534	

Epoch : 27
Total Error : 0.954634
Output : 0.0534474	0.0557616	-0.00508579	

Epoch : 28
Total Error : 0.95685
Output : 0.0510483	0.0544394	-0.00510028	

Epoch : 29
Total Error : 0.95888
Output : 0.048844	0.0532228	-0.00510194	

Epoch : 30
Total Error : 0.960747
Output : 0.0468122	0.0521001	-0.00509328	

Epoch : 31
Total Error : 0.962468
Output : 0.0449339	0.0510612	-0.00507629	

Epoch : 32
Total Error : 0.96406
Output : 0.0431927	0.0500974	-0.00505259	

Epoch : 33
Total Error : 0.965536
Output : 0.0415742	0.0492012	-0.00502346	

Epoch : 34
Total Error : 0.966909
Output : 0.0400661	0.0483659	-0.00498997	

Epoch : 35
Total Error : 0.968187
Output : 0.0386576	0.0475858	-0.00495299	

Epoch : 36
Total Error : 0.969381
Output : 0.0373391	0.0468557	-0.00491322	

Epoch : 37
Total Error : 0.970498
Output : 0.0361023	0.0461712	-0.00487124	

Epoch : 38
Total Error : 0.971546
Output : 0.0349399	0.0455283	-0.00482753	

Epoch : 39
Total Error : 0.97253
Output : 0.0338453	0.0449234	-0.00478249	

Epoch : 40
Total Error : 0.973457
Output : 0.0328127	0.0443535	-0.00473645	

Epoch : 41
Total Error : 0.97433
Output : 0.031837	0.0438156	-0.00468968	

Epoch : 42
Total Error : 0.975155
Output : 0.0309135	0.0433073	-0.0046424	

Epoch : 43
Total Error : 0.975935
Output : 0.0300381	0.0428263	-0.00459481	

Epoch : 44
Total Error : 0.976674
Output : 0.0292071	0.0423706	-0.00454707	

Epoch : 45
Total Error : 0.977375
Output : 0.0284172	0.0419383	-0.00449929	

Epoch : 46
Total Error : 0.978041
Output : 0.0276652	0.0415277	-0.0044516	

Epoch : 47
Total Error : 0.978674
Output : 0.0269486	0.0411374	-0.00440409	

Epoch : 48
Total Error : 0.979277
Output : 0.0262647	0.0407659	-0.00435682	

Epoch : 49
Total Error : 0.979852
Output : 0.0256114	0.040412	-0.00430985	

Epoch : 50
Total Error : 0.980401
Output : 0.0249866	0.0400745	-0.00426325	

Epoch : 51
Total Error : 0.980925
Output : 0.0243885	0.0397525	-0.00421705	

Epoch : 52
Total Error : 0.981426
Output : 0.0238152	0.0394448	-0.00417128	

Epoch : 53
Total Error : 0.981906
Output : 0.0232653	0.0391507	-0.00412597	

Epoch : 54
Total Error : 0.982366
Output : 0.0227373	0.0388693	-0.00408114	

Epoch : 55
Total Error : 0.982807
Output : 0.0222299	0.0385999	-0.00403681	

Epoch : 56
Total Error : 0.983231
Output : 0.0217418	0.0383418	-0.003993	

Epoch : 57
Total Error : 0.983637
Output : 0.021272	0.0380943	-0.0039497	

Epoch : 58
Total Error : 0.984029
Output : 0.0208193	0.0378568	-0.00390693	

Epoch : 59
Total Error : 0.984405
Output : 0.0203829	0.0376288	-0.00386469	

Epoch : 60
Total Error : 0.984767
Output : 0.0199619	0.0374099	-0.00382299	

Epoch : 61
Total Error : 0.985117
Output : 0.0195554	0.0371994	-0.00378181	

Epoch : 62
Total Error : 0.985454
Output : 0.0191626	0.0369969	-0.00374117	

Epoch : 63
Total Error : 0.985779
Output : 0.0187828	0.0368022	-0.00370105	

Epoch : 64
Total Error : 0.986093
Output : 0.0184155	0.0366146	-0.00366146	

Epoch : 65
Total Error : 0.986396
Output : 0.0180599	0.036434	-0.00362239	

Epoch : 66
Total Error : 0.986689
Output : 0.0177154	0.03626	-0.00358383	

Epoch : 67
Total Error : 0.986973
Output : 0.0173816	0.0360921	-0.00354579	

Epoch : 68
Total Error : 0.987247
Output : 0.017058	0.0359303	-0.00350824	

Epoch : 69
Total Error : 0.987513
Output : 0.016744	0.0357741	-0.00347119	

Epoch : 70
Total Error : 0.987771
Output : 0.0164392	0.0356233	-0.00343463	

Epoch : 71
Total Error : 0.988021
Output : 0.0161432	0.0354777	-0.00339855	

Epoch : 72
Total Error : 0.988263
Output : 0.0158556	0.0353371	-0.00336294	

Epoch : 73
Total Error : 0.988498
Output : 0.015576	0.0352011	-0.00332781	

Epoch : 74
Total Error : 0.988726
Output : 0.0153042	0.0350697	-0.00329313	

Epoch : 75
Total Error : 0.988948
Output : 0.0150397	0.0349425	-0.0032589	

Epoch : 76
Total Error : 0.989164
Output : 0.0147822	0.0348195	-0.00322511	

Epoch : 77
Total Error : 0.989373
Output : 0.0145315	0.0347005	-0.00319177	

Epoch : 78
Total Error : 0.989577
Output : 0.0142873	0.0345853	-0.00315885	

Epoch : 79
Total Error : 0.989775
Output : 0.0140494	0.0344737	-0.00312635	

Epoch : 80
Total Error : 0.989968
Output : 0.0138174	0.0343656	-0.00309427	

Epoch : 81
Total Error : 0.990155
Output : 0.0135912	0.0342608	-0.00306259	

Epoch : 82
Total Error : 0.990338
Output : 0.0133705	0.0341593	-0.00303131	

Epoch : 83
Total Error : 0.990516
Output : 0.0131552	0.0340609	-0.00300043	

Epoch : 84
Total Error : 0.99069
Output : 0.012945	0.0339655	-0.00296993	

Epoch : 85
Total Error : 0.990859
Output : 0.0127397	0.0338729	-0.00293981	

Epoch : 86
Total Error : 0.991024
Output : 0.0125392	0.0337831	-0.00291006	

Epoch : 87
Total Error : 0.991185
Output : 0.0123433	0.0336959	-0.00288067	

Epoch : 88
Total Error : 0.991343
Output : 0.0121518	0.0336113	-0.00285165	

Epoch : 89
Total Error : 0.991496
Output : 0.0119646	0.0335291	-0.00282297	

Epoch : 90
Total Error : 0.991646
Output : 0.0117815	0.0334493	-0.00279464	

Epoch : 91
Total Error : 0.991792
Output : 0.0116024	0.0333718	-0.00276666	

Epoch : 92
Total Error : 0.991935
Output : 0.0114272	0.0332966	-0.002739	

Epoch : 93
Total Error : 0.992075
Output : 0.0112557	0.0332234	-0.00271168	

Epoch : 94
Total Error : 0.992211
Output : 0.0110878	0.0331523	-0.00268467	

Epoch : 95
Total Error : 0.992345
Output : 0.0109234	0.0330832	-0.00265799	

Epoch : 96
Total Error : 0.992476
Output : 0.0107624	0.033016	-0.00263161	

Epoch : 97
Total Error : 0.992603
Output : 0.0106047	0.0329506	-0.00260554	

Epoch : 98
Total Error : 0.992728
Output : 0.0104502	0.032887	-0.00257977	

Epoch : 99
Total Error : 0.992851
Output : 0.0102987	0.0328252	-0.0025543	

Epoch : 100
Total Error : 0.99297
Output : 0.0101503	0.032765	-0.00252912	

Epoch : 101
Total Error : 0.993088
Output : 0.0100047	0.0327065	-0.00250423	

Epoch : 102
Total Error : 0.993202
Output : 0.00986199	0.0326495	-0.00247961	

Epoch : 103
Total Error : 0.993315
Output : 0.00972198	0.032594	-0.00245527	

Epoch : 104
Total Error : 0.993425
Output : 0.00958463	0.03254	-0.00243121	

Epoch : 105
Total Error : 0.993533
Output : 0.00944986	0.0324874	-0.00240741	

Epoch : 106
Total Error : 0.993639
Output : 0.00931761	0.0324362	-0.00238388	

Epoch : 107
Total Error : 0.993742
Output : 0.00918779	0.0323863	-0.00236061	

Epoch : 108
Total Error : 0.993844
Output : 0.00906035	0.0323377	-0.00233759	

Epoch : 109
Total Error : 0.993944
Output : 0.00893521	0.0322904	-0.00231482	

Epoch : 110
Total Error : 0.994041
Output : 0.00881232	0.0322443	-0.0022923	

Epoch : 111
Total Error : 0.994137
Output : 0.00869163	0.0321993	-0.00227003	

Epoch : 112
Total Error : 0.994231
Output : 0.00857306	0.0321555	-0.002248	

Epoch : 113
Total Error : 0.994323
Output : 0.00845657	0.0321128	-0.0022262	

Epoch : 114
Total Error : 0.994414
Output : 0.0083421	0.0320711	-0.00220463	

Epoch : 115
Total Error : 0.994503
Output : 0.00822961	0.0320305	-0.0021833	

Epoch : 116
Total Error : 0.99459
Output : 0.00811904	0.0319909	-0.00216219	

Epoch : 117
Total Error : 0.994676
Output : 0.00801034	0.0319523	-0.0021413	

Epoch : 118
Total Error : 0.99476
Output : 0.00790347	0.0319147	-0.00212063	

Epoch : 119
Total Error : 0.994843
Output : 0.00779839	0.0318779	-0.00210018	

Epoch : 120
Total Error : 0.994924
Output : 0.00769506	0.0318421	-0.00207994	

Epoch : 121
Total Error : 0.995003
Output : 0.00759342	0.0318071	-0.00205992	

Epoch : 122
Total Error : 0.995082
Output : 0.00749344	0.031773	-0.0020401	

Epoch : 123
Total Error : 0.995158
Output : 0.00739509	0.0317397	-0.00202048	

Epoch : 124
Total Error : 0.995234
Output : 0.00729833	0.0317072	-0.00200107	

Epoch : 125
Total Error : 0.995308
Output : 0.00720311	0.0316755	-0.00198186	

Epoch : 126
Total Error : 0.995381
Output : 0.00710941	0.0316446	-0.00196284	

Epoch : 127
Total Error : 0.995453
Output : 0.00701719	0.0316143	-0.00194401	

Epoch : 128
Total Error : 0.995524
Output : 0.00692642	0.0315848	-0.00192538	

Epoch : 129
Total Error : 0.995593
Output : 0.00683706	0.031556	-0.00190694	

Epoch : 130
Total Error : 0.995661
Output : 0.00674909	0.0315279	-0.00188868	

Epoch : 131
Total Error : 0.995728
Output : 0.00666248	0.0315004	-0.00187061	

Epoch : 132
Total Error : 0.995794
Output : 0.00657719	0.0314736	-0.00185271	

Epoch : 133
Total Error : 0.995859
Output : 0.0064932	0.0314473	-0.001835	

Epoch : 134
Total Error : 0.995923
Output : 0.00641049	0.0314217	-0.00181746	

Epoch : 135
Total Error : 0.995986
Output : 0.00632902	0.0313967	-0.0018001	

Epoch : 136
Total Error : 0.996047
Output : 0.00624877	0.0313723	-0.00178291	

Epoch : 137
Total Error : 0.996108
Output : 0.00616972	0.0313484	-0.00176589	

Epoch : 138
Total Error : 0.996168
Output : 0.00609184	0.031325	-0.00174904	

Epoch : 139
Total Error : 0.996227
Output : 0.00601511	0.0313022	-0.00173235	

Epoch : 140
Total Error : 0.996285
Output : 0.00593951	0.0312799	-0.00171583	

Epoch : 141
Total Error : 0.996342
Output : 0.005865	0.0312581	-0.00169947	

Epoch : 142
Total Error : 0.996398
Output : 0.00579158	0.0312368	-0.00168328	

Epoch : 143
Total Error : 0.996453
Output : 0.00571922	0.031216	-0.00166724	

Epoch : 144
Total Error : 0.996507
Output : 0.00564791	0.0311957	-0.00165135	

Epoch : 145
Total Error : 0.996561
Output : 0.00557761	0.0311758	-0.00163562	

Epoch : 146
Total Error : 0.996614
Output : 0.00550831	0.0311563	-0.00162005	

Epoch : 147
Total Error : 0.996665
Output : 0.00544	0.0311373	-0.00160462	

Epoch : 148
Total Error : 0.996717
Output : 0.00537265	0.0311187	-0.00158934	

Epoch : 149
Total Error : 0.996767
Output : 0.00530626	0.0311005	-0.00157421	

Epoch : 150
Total Error : 0.996816
Output : 0.00524079	0.0310827	-0.00155923	

Epoch : 151
Total Error : 0.996865
Output : 0.00517623	0.0310653	-0.00154439	

Epoch : 152
Total Error : 0.996913
Output : 0.00511257	0.0310482	-0.0015297	

Epoch : 153
Total Error : 0.996961
Output : 0.00504979	0.0310316	-0.00151514	

Epoch : 154
Total Error : 0.997007
Output : 0.00498788	0.0310153	-0.00150073	

Epoch : 155
Total Error : 0.997053
Output : 0.00492682	0.0309993	-0.00148645	

Epoch : 156
Total Error : 0.997099
Output : 0.00486659	0.0309837	-0.00147231	

Epoch : 157
Total Error : 0.997143
Output : 0.00480718	0.0309684	-0.00145831	

Epoch : 158
Total Error : 0.997187
Output : 0.00474858	0.0309535	-0.00144443	

Epoch : 159
Total Error : 0.997231
Output : 0.00469078	0.0309389	-0.00143069	

Epoch : 160
Total Error : 0.997273
Output : 0.00463375	0.0309245	-0.00141708	

Epoch : 161
Total Error : 0.997315
Output : 0.00457749	0.0309105	-0.0014036	

Epoch : 162
Total Error : 0.997357
Output : 0.00452198	0.0308968	-0.00139025	

Epoch : 163
Total Error : 0.997398
Output : 0.00446722	0.0308834	-0.00137703	

Epoch : 164
Total Error : 0.997438
Output : 0.00441318	0.0308702	-0.00136393	

Epoch : 165
Total Error : 0.997478
Output : 0.00435986	0.0308574	-0.00135095	

Epoch : 166
Total Error : 0.997517
Output : 0.00430725	0.0308448	-0.0013381	

Epoch : 167
Total Error : 0.997555
Output : 0.00425533	0.0308324	-0.00132537	

Epoch : 168
Total Error : 0.997593
Output : 0.00420409	0.0308203	-0.00131275	

Epoch : 169
Total Error : 0.997631
Output : 0.00415352	0.0308085	-0.00130026	

Epoch : 170
Total Error : 0.997668
Output : 0.00410362	0.0307969	-0.00128788	

Epoch : 171
Total Error : 0.997704
Output : 0.00405436	0.0307856	-0.00127563	

Epoch : 172
Total Error : 0.99774
Output : 0.00400575	0.0307745	-0.00126348	

Epoch : 173
Total Error : 0.997776
Output : 0.00395776	0.0307636	-0.00125145	

Epoch : 174
Total Error : 0.99781
Output : 0.0039104	0.0307529	-0.00123954	

Epoch : 175
Total Error : 0.997845
Output : 0.00386365	0.0307424	-0.00122773	

Epoch : 176
Total Error : 0.997879
Output : 0.0038175	0.0307322	-0.00121604	

Epoch : 177
Total Error : 0.997912
Output : 0.00377194	0.0307222	-0.00120446	

Epoch : 178
Total Error : 0.997945
Output : 0.00372696	0.0307123	-0.00119298	

Epoch : 179
Total Error : 0.997978
Output : 0.00368256	0.0307027	-0.00118161	

Epoch : 180
Total Error : 0.99801
Output : 0.00363873	0.0306932	-0.00117035	

Epoch : 181
Total Error : 0.998042
Output : 0.00359545	0.030684	-0.0011592	

Epoch : 182
Total Error : 0.998073
Output : 0.00355273	0.0306749	-0.00114814	

Epoch : 183
Total Error : 0.998104
Output : 0.00351054	0.030666	-0.0011372	

Epoch : 184
Total Error : 0.998134
Output : 0.00346889	0.0306573	-0.00112635	

Epoch : 185
Total Error : 0.998164
Output : 0.00342776	0.0306488	-0.00111561	

Epoch : 186
Total Error : 0.998194
Output : 0.00338715	0.0306404	-0.00110496	

Epoch : 187
Total Error : 0.998223
Output : 0.00334705	0.0306322	-0.00109442	

Epoch : 188
Total Error : 0.998251
Output : 0.00330745	0.0306241	-0.00108397	

Epoch : 189
Total Error : 0.99828
Output : 0.00326835	0.0306162	-0.00107362	

Epoch : 190
Total Error : 0.998308
Output : 0.00322973	0.0306085	-0.00106337	

Epoch : 191
Total Error : 0.998335
Output : 0.0031916	0.0306009	-0.00105321	

Epoch : 192
Total Error : 0.998363
Output : 0.00315394	0.0305934	-0.00104315	

Epoch : 193
Total Error : 0.99839
Output : 0.00311675	0.0305861	-0.00103318	

Epoch : 194
Total Error : 0.998416
Output : 0.00308002	0.0305789	-0.00102331	

Epoch : 195
Total Error : 0.998442
Output : 0.00304375	0.0305719	-0.00101353	

Epoch : 196
Total Error : 0.998468
Output : 0.00300792	0.030565	-0.00100384	

Epoch : 197
Total Error : 0.998494
Output : 0.00297254	0.0305582	-0.000994236	

Epoch : 198
Total Error : 0.998519
Output : 0.00293759	0.0305516	-0.000984724	

Epoch : 199
Total Error : 0.998543
Output : 0.00290307	0.0305451	-0.000975302	

Epoch : 200
Total Error : 0.998568
Output : 0.00286898	0.0305387	-0.000965967	

Epoch : 201
Total Error : 0.998592
Output : 0.0028353	0.0305324	-0.000956719	

Epoch : 202
Total Error : 0.998616
Output : 0.00280204	0.0305263	-0.000947558	

Epoch : 203
Total Error : 0.998639
Output : 0.00276918	0.0305202	-0.000938482	

Epoch : 204
Total Error : 0.998663
Output : 0.00273673	0.0305143	-0.00092949	

Epoch : 205
Total Error : 0.998685
Output : 0.00270467	0.0305085	-0.000920583	

Epoch : 206
Total Error : 0.998708
Output : 0.002673	0.0305027	-0.000911758	

Epoch : 207
Total Error : 0.99873
Output : 0.00264171	0.0304971	-0.000903016	

Epoch : 208
Total Error : 0.998752
Output : 0.00261081	0.0304916	-0.000894355	

Epoch : 209
Total Error : 0.998774
Output : 0.00258028	0.0304862	-0.000885775	

Epoch : 210
Total Error : 0.998795
Output : 0.00255012	0.0304809	-0.000877275	

Epoch : 211
Total Error : 0.998816
Output : 0.00252033	0.0304757	-0.000868855	

Epoch : 212
Total Error : 0.998837
Output : 0.00249089	0.0304705	-0.000860513	

Epoch : 213
Total Error : 0.998858
Output : 0.00246182	0.0304655	-0.000852249	

Epoch : 214
Total Error : 0.998878
Output : 0.00243309	0.0304605	-0.000844062	

Epoch : 215
Total Error : 0.998898
Output : 0.00240471	0.0304557	-0.000835951	

Epoch : 216
Total Error : 0.998918
Output : 0.00237667	0.0304509	-0.000827916	

Epoch : 217
Total Error : 0.998938
Output : 0.00234897	0.0304462	-0.000819957	

Epoch : 218
Total Error : 0.998957
Output : 0.0023216	0.0304416	-0.000812071	

Epoch : 219
Total Error : 0.998976
Output : 0.00229456	0.0304371	-0.000804259	

Epoch : 220
Total Error : 0.998995
Output : 0.00226784	0.0304326	-0.000796521	

Epoch : 221
Total Error : 0.999013
Output : 0.00224144	0.0304282	-0.000788854	

Epoch : 222
Total Error : 0.999031
Output : 0.00221536	0.0304239	-0.00078126	

Epoch : 223
Total Error : 0.99905
Output : 0.00218959	0.0304197	-0.000773736	

Epoch : 224
Total Error : 0.999067
Output : 0.00216413	0.0304156	-0.000766282	

Epoch : 225
Total Error : 0.999085
Output : 0.00213898	0.0304115	-0.000758899	

Epoch : 226
Total Error : 0.999102
Output : 0.00211412	0.0304075	-0.000751584	

Epoch : 227
Total Error : 0.999119
Output : 0.00208956	0.0304035	-0.000744338	

Epoch : 228
Total Error : 0.999136
Output : 0.00206529	0.0303996	-0.00073716	

Epoch : 229
Total Error : 0.999153
Output : 0.00204131	0.0303958	-0.000730049	

Epoch : 230
Total Error : 0.99917
Output : 0.00201762	0.030392	-0.000723005	

Epoch : 231
Total Error : 0.999186
Output : 0.0019942	0.0303884	-0.000716026	

Epoch : 232
Total Error : 0.999202
Output : 0.00197107	0.0303847	-0.000709113	

Epoch : 233
Total Error : 0.999218
Output : 0.00194821	0.0303811	-0.000702265	

Epoch : 234
Total Error : 0.999233
Output : 0.00192562	0.0303776	-0.000695481	

Epoch : 235
Total Error : 0.999249
Output : 0.00190329	0.0303742	-0.000688761	

Epoch : 236
Total Error : 0.999264
Output : 0.00188124	0.0303708	-0.000682104	

Epoch : 237
Total Error : 0.999279
Output : 0.00185944	0.0303674	-0.000675509	

Epoch : 238
Total Error : 0.999294
Output : 0.0018379	0.0303641	-0.000668976	

Epoch : 239
Total Error : 0.999309
Output : 0.00181661	0.0303609	-0.000662505	

Epoch : 240
Total Error : 0.999323
Output : 0.00179558	0.0303577	-0.000656094	

Epoch : 241
Total Error : 0.999337
Output : 0.00177479	0.0303545	-0.000649744	

Epoch : 242
Total Error : 0.999352
Output : 0.00175425	0.0303514	-0.000643453	

Epoch : 243
Total Error : 0.999365
Output : 0.00173396	0.0303484	-0.000637222	

Epoch : 244
Total Error : 0.999379
Output : 0.0017139	0.0303454	-0.000631049	

Epoch : 245
Total Error : 0.999393
Output : 0.00169407	0.0303424	-0.000624934	

Epoch : 246
Total Error : 0.999406
Output : 0.00167448	0.0303395	-0.000618877	

Epoch : 247
Total Error : 0.999419
Output : 0.00165512	0.0303366	-0.000612877	

Epoch : 248
Total Error : 0.999433
Output : 0.00163599	0.0303338	-0.000606933	

Epoch : 249
Total Error : 0.999445
Output : 0.00161708	0.030331	-0.000601046	

Epoch : 250
Total Error : 0.999458
Output : 0.0015984	0.0303283	-0.000595214	

Epoch : 251
Total Error : 0.999471
Output : 0.00157993	0.0303256	-0.000589437	

Epoch : 252
Total Error : 0.999483
Output : 0.00156168	0.0303229	-0.000583714	

Epoch : 253
Total Error : 0.999495
Output : 0.00154364	0.0303203	-0.000578046	

Epoch : 254
Total Error : 0.999508
Output : 0.00152582	0.0303177	-0.000572431	

Epoch : 255
Total Error : 0.999519
Output : 0.0015082	0.0303151	-0.000566869	

Epoch : 256
Total Error : 0.999531
Output : 0.00149079	0.0303126	-0.000561359	

Epoch : 257
Total Error : 0.999543
Output : 0.00147359	0.0303101	-0.000555902	

Epoch : 258
Total Error : 0.999554
Output : 0.00145658	0.0303077	-0.000550496	

Epoch : 259
Total Error : 0.999566
Output : 0.00143978	0.0303053	-0.000545142	

Epoch : 260
Total Error : 0.999577
Output : 0.00142317	0.0303029	-0.000539838	

Epoch : 261
Total Error : 0.999588
Output : 0.00140675	0.0303006	-0.000534584	

Epoch : 262
Total Error : 0.999599
Output : 0.00139053	0.0302983	-0.00052938	

Epoch : 263
Total Error : 0.99961
Output : 0.00137449	0.030296	-0.000524226	

Epoch : 264
Total Error : 0.99962
Output : 0.00135865	0.0302937	-0.00051912	

Epoch : 265
Total Error : 0.999631
Output : 0.00134298	0.0302915	-0.000514063	

Epoch : 266
Total Error : 0.999641
Output : 0.0013275	0.0302893	-0.000509053	

Epoch : 267
Total Error : 0.999652
Output : 0.0013122	0.0302872	-0.000504092	

Epoch : 268
Total Error : 0.999662
Output : 0.00129708	0.030285	-0.000499177	

Epoch : 269
Total Error : 0.999672
Output : 0.00128214	0.0302829	-0.000494309	

Epoch : 270
Total Error : 0.999682
Output : 0.00126737	0.0302809	-0.000489487	

Epoch : 271
Total Error : 0.999691
Output : 0.00125277	0.0302788	-0.000484711	

Epoch : 272
Total Error : 0.999701
Output : 0.00123834	0.0302768	-0.00047998	

Epoch : 273
Total Error : 0.99971
Output : 0.00122408	0.0302748	-0.000475295	

Epoch : 274
Total Error : 0.99972
Output : 0.00120998	0.0302728	-0.000470653	

Epoch : 275
Total Error : 0.999729
Output : 0.00119605	0.0302709	-0.000466057	

Epoch : 276
Total Error : 0.999738
Output : 0.00118228	0.0302689	-0.000461503	

Epoch : 277
Total Error : 0.999747
Output : 0.00116867	0.030267	-0.000456994	

Epoch : 278
Total Error : 0.999756
Output : 0.00115522	0.0302652	-0.000452527	

Epoch : 279
Total Error : 0.999765
Output : 0.00114192	0.0302633	-0.000448103	

Epoch : 280
Total Error : 0.999774
Output : 0.00112878	0.0302615	-0.000443721	

Epoch : 281
Total Error : 0.999782
Output : 0.00111579	0.0302597	-0.00043938	

Epoch : 282
Total Error : 0.999791
Output : 0.00110296	0.0302579	-0.000435082	

Epoch : 283
Total Error : 0.999799
Output : 0.00109027	0.0302561	-0.000430824	

Epoch : 284
Total Error : 0.999807
Output : 0.00107773	0.0302543	-0.000426607	

Epoch : 285
Total Error : 0.999815
Output : 0.00106533	0.0302526	-0.00042243	

Epoch : 286
Total Error : 0.999823
Output : 0.00105308	0.0302509	-0.000418293	

Epoch : 287
Total Error : 0.999831
Output : 0.00104097	0.0302492	-0.000414195	

Epoch : 288
Total Error : 0.999839
Output : 0.001029	0.0302476	-0.000410137	

Epoch : 289
Total Error : 0.999847
Output : 0.00101716	0.0302459	-0.000406118	

Epoch : 290
Total Error : 0.999855
Output : 0.00100547	0.0302443	-0.000402137	

Epoch : 291
Total Error : 0.999862
Output : 0.000993911	0.0302426	-0.000398194	

Epoch : 292
Total Error : 0.99987
Output : 0.000982486	0.0302411	-0.000394289	

Epoch : 293
Total Error : 0.999877
Output : 0.000971193	0.0302395	-0.000390422	

Epoch : 294
Total Error : 0.999884
Output : 0.000960031	0.0302379	-0.000386591	

Epoch : 295
Total Error : 0.999891
Output : 0.000948998	0.0302364	-0.000382797	

Epoch : 296
Total Error : 0.999899
Output : 0.000938092	0.0302348	-0.00037904	

Epoch : 297
Total Error : 0.999906
Output : 0.000927313	0.0302333	-0.000375318	

Epoch : 298
Total Error : 0.999912
Output : 0.000916658	0.0302318	-0.000371633	

Epoch : 299
Total Error : 0.999919
Output : 0.000906127	0.0302303	-0.000367982	

Epoch : 300
Total Error : 0.999926
Output : 0.000895717	0.0302289	-0.000364367	

Epoch : 301
Total Error : 0.999933
Output : 0.000885428	0.0302274	-0.000360787	

Epoch : 302
Total Error : 0.999939
Output : 0.000875257	0.030226	-0.000357241	

Epoch : 303
Total Error : 0.999946
Output : 0.000865204	0.0302245	-0.000353729	

Epoch : 304
Total Error : 0.999952
Output : 0.000855267	0.0302231	-0.000350251	

Epoch : 305
Total Error : 0.999958
Output : 0.000845445	0.0302217	-0.000346806	

Epoch : 306
Total Error : 0.999965
Output : 0.000835736	0.0302203	-0.000343394	

Epoch : 307
Total Error : 0.999971
Output : 0.00082614	0.030219	-0.000340016	

Epoch : 308
Total Error : 0.999977
Output : 0.000816654	0.0302176	-0.000336669	

Epoch : 309
Total Error : 0.999983
Output : 0.000807278	0.0302162	-0.000333356	

Epoch : 310
Total Error : 0.999989
Output : 0.00079801	0.0302149	-0.000330074	

Epoch : 311
Total Error : 0.999995
Output : 0.000788848	0.0302136	-0.000326823	

Epoch : 312
Total Error : 1
Output : 0.000779793	0.0302123	-0.000323604	

Epoch : 313
Total Error : 1.00001
Output : 0.000770842	0.030211	-0.000320416	

Epoch : 314
Total Error : 1.00001
Output : 0.000761994	0.0302097	-0.000317259	

Epoch : 315
Total Error : 1.00002
Output : 0.000753249	0.0302084	-0.000314133	

Epoch : 316
Total Error : 1.00002
Output : 0.000744604	0.0302071	-0.000311036	

Epoch : 317
Total Error : 1.00003
Output : 0.000736059	0.0302059	-0.00030797	

Epoch : 318
Total Error : 1.00003
Output : 0.000727612	0.0302046	-0.000304933	

Epoch : 319
Total Error : 1.00004
Output : 0.000719263	0.0302034	-0.000301925	

Epoch : 320
Total Error : 1.00004
Output : 0.000711009	0.0302022	-0.000298947	

Epoch : 321
Total Error : 1.00005
Output : 0.000702851	0.030201	-0.000295997	

Epoch : 322
Total Error : 1.00005
Output : 0.000694788	0.0301998	-0.000293076	

Epoch : 323
Total Error : 1.00006
Output : 0.000686816	0.0301986	-0.000290183	

Epoch : 324
Total Error : 1.00006
Output : 0.000678937	0.0301974	-0.000287318	

Epoch : 325
Total Error : 1.00007
Output : 0.000671149	0.0301962	-0.000284481	

Epoch : 326
Total Error : 1.00007
Output : 0.00066345	0.030195	-0.000281672	

Epoch : 327
Total Error : 1.00008
Output : 0.00065584	0.0301939	-0.00027889	

Epoch : 328
Total Error : 1.00008
Output : 0.000648317	0.0301927	-0.000276134	

Epoch : 329
Total Error : 1.00009
Output : 0.000640881	0.0301916	-0.000273406	

Epoch : 330
Total Error : 1.00009
Output : 0.000633531	0.0301904	-0.000270704	

Epoch : 331
Total Error : 1.0001
Output : 0.000626265	0.0301893	-0.000268028	

Epoch : 332
Total Error : 1.0001
Output : 0.000619083	0.0301882	-0.000265378	

Epoch : 333
Total Error : 1.00011
Output : 0.000611984	0.0301871	-0.000262754	

Epoch : 334
Total Error : 1.00011
Output : 0.000604966	0.030186	-0.000260155	

Epoch : 335
Total Error : 1.00012
Output : 0.000598029	0.0301849	-0.000257581	

Epoch : 336
Total Error : 1.00012
Output : 0.000591172	0.0301838	-0.000255033	

Epoch : 337
Total Error : 1.00012
Output : 0.000584394	0.0301827	-0.000252509	

Epoch : 338
Total Error : 1.00013
Output : 0.000577694	0.0301817	-0.00025001	

Epoch : 339
Total Error : 1.00013
Output : 0.00057107	0.0301806	-0.000247536	

Epoch : 340
Total Error : 1.00014
Output : 0.000564523	0.0301795	-0.000245085	

Epoch : 341
Total Error : 1.00014
Output : 0.000558052	0.0301785	-0.000242658	

Epoch : 342
Total Error : 1.00014
Output : 0.000551654	0.0301774	-0.000240255	

Epoch : 343
Total Error : 1.00015
Output : 0.000545331	0.0301764	-0.000237875	

Epoch : 344
Total Error : 1.00015
Output : 0.000539079	0.0301754	-0.000235519	

Epoch : 345
Total Error : 1.00016
Output : 0.0005329	0.0301743	-0.000233185	

Epoch : 346
Total Error : 1.00016
Output : 0.000526792	0.0301733	-0.000230874	

Epoch : 347
Total Error : 1.00016
Output : 0.000520754	0.0301723	-0.000228586	

Epoch : 348
Total Error : 1.00017
Output : 0.000514785	0.0301713	-0.00022632	

Epoch : 349
Total Error : 1.00017
Output : 0.000508885	0.0301703	-0.000224076	

Epoch : 350
Total Error : 1.00017
Output : 0.000503053	0.0301693	-0.000221854	

Epoch : 351
Total Error : 1.00018
Output : 0.000497288	0.0301683	-0.000219654	

Epoch : 352
Total Error : 1.00018
Output : 0.000491589	0.0301673	-0.000217475	

Epoch : 353
Total Error : 1.00018
Output : 0.000485956	0.0301664	-0.000215318	

Epoch : 354
Total Error : 1.00019
Output : 0.000480387	0.0301654	-0.000213181	

Epoch : 355
Total Error : 1.00019
Output : 0.000474882	0.0301644	-0.000211066	

Epoch : 356
Total Error : 1.00019
Output : 0.00046944	0.0301635	-0.000208971	

Epoch : 357
Total Error : 1.0002
Output : 0.000464061	0.0301625	-0.000206897	

Epoch : 358
Total Error : 1.0002
Output : 0.000458744	0.0301616	-0.000204843	

Epoch : 359
Total Error : 1.0002
Output : 0.000453488	0.0301606	-0.000202809	

Epoch : 360
Total Error : 1.00021
Output : 0.000448292	0.0301597	-0.000200795	

Epoch : 361
Total Error : 1.00021
Output : 0.000443156	0.0301587	-0.0001988	

Epoch : 362
Total Error : 1.00021
Output : 0.000438078	0.0301578	-0.000196826	

Epoch : 363
Total Error : 1.00022
Output : 0.000433059	0.0301569	-0.00019487	

Epoch : 364
Total Error : 1.00022
Output : 0.000428098	0.0301559	-0.000192934	

Epoch : 365
Total Error : 1.00022
Output : 0.000423193	0.030155	-0.000191017	

Epoch : 366
Total Error : 1.00023
Output : 0.000418345	0.0301541	-0.000189118	

Epoch : 367
Total Error : 1.00023
Output : 0.000413553	0.0301532	-0.000187239	

Epoch : 368
Total Error : 1.00023
Output : 0.000408815	0.0301523	-0.000185377	

Epoch : 369
Total Error : 1.00023
Output : 0.000404132	0.0301514	-0.000183534	

Epoch : 370
Total Error : 1.00024
Output : 0.000399503	0.0301505	-0.000181709	

Epoch : 371
Total Error : 1.00024
Output : 0.000394926	0.0301496	-0.000179902	

Epoch : 372
Total Error : 1.00024
Output : 0.000390402	0.0301487	-0.000178112	

Epoch : 373
Total Error : 1.00024
Output : 0.000385931	0.0301478	-0.000176341	

Epoch : 374
Total Error : 1.00025
Output : 0.00038151	0.0301469	-0.000174586	

Epoch : 375
Total Error : 1.00025
Output : 0.00037714	0.0301461	-0.000172849	

Epoch : 376
Total Error : 1.00025
Output : 0.00037282	0.0301452	-0.000171129	

Epoch : 377
Total Error : 1.00026
Output : 0.00036855	0.0301443	-0.000169426	

Epoch : 378
Total Error : 1.00026
Output : 0.000364329	0.0301435	-0.00016774	

Epoch : 379
Total Error : 1.00026
Output : 0.000360156	0.0301426	-0.00016607	

Epoch : 380
Total Error : 1.00026
Output : 0.000356031	0.0301417	-0.000164416	

Epoch : 381
Total Error : 1.00027
Output : 0.000351953	0.0301409	-0.000162779	

Epoch : 382
Total Error : 1.00027
Output : 0.000347922	0.03014	-0.000161158	

Epoch : 383
Total Error : 1.00027
Output : 0.000343937	0.0301392	-0.000159553	

Epoch : 384
Total Error : 1.00027
Output : 0.000339998	0.0301383	-0.000157964	

Epoch : 385
Total Error : 1.00027
Output : 0.000336104	0.0301375	-0.00015639	

Epoch : 386
Total Error : 1.00028
Output : 0.000332255	0.0301366	-0.000154832	

Epoch : 387
Total Error : 1.00028
Output : 0.00032845	0.0301358	-0.00015329	

Epoch : 388
Total Error : 1.00028
Output : 0.000324688	0.030135	-0.000151762	

Epoch : 389
Total Error : 1.00028
Output : 0.00032097	0.0301341	-0.00015025	

Epoch : 390
Total Error : 1.00029
Output : 0.000317294	0.0301333	-0.000148752	

Epoch : 391
Total Error : 1.00029
Output : 0.00031366	0.0301325	-0.00014727	

Epoch : 392
Total Error : 1.00029
Output : 0.000310068	0.0301317	-0.000145802	

Epoch : 393
Total Error : 1.00029
Output : 0.000306517	0.0301308	-0.000144348	

Epoch : 394
Total Error : 1.00029
Output : 0.000303007	0.03013	-0.000142909	

Epoch : 395
Total Error : 1.0003
Output : 0.000299537	0.0301292	-0.000141484	

Epoch : 396
Total Error : 1.0003
Output : 0.000296107	0.0301284	-0.000140073	

Epoch : 397
Total Error : 1.0003
Output : 0.000292716	0.0301276	-0.000138676	

Epoch : 398
Total Error : 1.0003
Output : 0.000289364	0.0301268	-0.000137293	

Epoch : 399
Total Error : 1.0003
Output : 0.00028605	0.030126	-0.000135923	

Epoch : 400
Total Error : 1.00031
Output : 0.000282774	0.0301252	-0.000134567	

Epoch : 401
Total Error : 1.00031
Output : 0.000279536	0.0301244	-0.000133224	

Epoch : 402
Total Error : 1.00031
Output : 0.000276335	0.0301236	-0.000131895	

Epoch : 403
Total Error : 1.00031
Output : 0.00027317	0.0301228	-0.000130579	

Epoch : 404
Total Error : 1.00031
Output : 0.000270042	0.030122	-0.000129276	

Epoch : 405
Total Error : 1.00031
Output : 0.00026695	0.0301212	-0.000127986	

Epoch : 406
Total Error : 1.00032
Output : 0.000263893	0.0301204	-0.000126708	

Epoch : 407
Total Error : 1.00032
Output : 0.000260871	0.0301196	-0.000125443	

Epoch : 408
Total Error : 1.00032
Output : 0.000257883	0.0301188	-0.000124191	

Epoch : 409
Total Error : 1.00032
Output : 0.00025493	0.030118	-0.000122951	

Epoch : 410
Total Error : 1.00032
Output : 0.00025201	0.0301173	-0.000121724	

Epoch : 411
Total Error : 1.00032
Output : 0.000249124	0.0301165	-0.000120508	

Epoch : 412
Total Error : 1.00033
Output : 0.000246271	0.0301157	-0.000119305	

Epoch : 413
Total Error : 1.00033
Output : 0.000243451	0.0301149	-0.000118113	

Epoch : 414
Total Error : 1.00033
Output : 0.000240663	0.0301142	-0.000116934	

Epoch : 415
Total Error : 1.00033
Output : 0.000237907	0.0301134	-0.000115766	

Epoch : 416
Total Error : 1.00033
Output : 0.000235182	0.0301126	-0.000114609	

Epoch : 417
Total Error : 1.00033
Output : 0.000232489	0.0301118	-0.000113465	

Epoch : 418
Total Error : 1.00034
Output : 0.000229826	0.0301111	-0.000112331	

Epoch : 419
Total Error : 1.00034
Output : 0.000227194	0.0301103	-0.000111209	

Epoch : 420
Total Error : 1.00034
Output : 0.000224592	0.0301096	-0.000110098	

Epoch : 421
Total Error : 1.00034
Output : 0.00022202	0.0301088	-0.000108998	

Epoch : 422
Total Error : 1.00034
Output : 0.000219477	0.030108	-0.000107908	

Epoch : 423
Total Error : 1.00034
Output : 0.000216963	0.0301073	-0.00010683	

Epoch : 424
Total Error : 1.00034
Output : 0.000214478	0.0301065	-0.000105763	

Epoch : 425
Total Error : 1.00035
Output : 0.000212022	0.0301058	-0.000104705	

Epoch : 426
Total Error : 1.00035
Output : 0.000209593	0.030105	-0.000103659	

Epoch : 427
Total Error : 1.00035
Output : 0.000207192	0.0301043	-0.000102623	

Epoch : 428
Total Error : 1.00035
Output : 0.000204819	0.0301035	-0.000101597	

Epoch : 429
Total Error : 1.00035
Output : 0.000202473	0.0301028	-0.000100582	

Epoch : 430
Total Error : 1.00035
Output : 0.000200154	0.030102	-9.9576e-05	

Epoch : 431
Total Error : 1.00035
Output : 0.000197861	0.0301013	-9.85805e-05	

Epoch : 432
Total Error : 1.00036
Output : 0.000195594	0.0301006	-9.7595e-05	

Epoch : 433
Total Error : 1.00036
Output : 0.000193354	0.0300998	-9.66192e-05	

Epoch : 434
Total Error : 1.00036
Output : 0.000191139	0.0300991	-9.56531e-05	

Epoch : 435
Total Error : 1.00036
Output : 0.000188949	0.0300983	-9.46967e-05	

Epoch : 436
Total Error : 1.00036
Output : 0.000186785	0.0300976	-9.37498e-05	

Epoch : 437
Total Error : 1.00036
Output : 0.000184645	0.0300969	-9.28123e-05	

Epoch : 438
Total Error : 1.00036
Output : 0.000182529	0.0300961	-9.18842e-05	

Epoch : 439
Total Error : 1.00036
Output : 0.000180438	0.0300954	-9.09653e-05	

Epoch : 440
Total Error : 1.00036
Output : 0.000178371	0.0300947	-9.00555e-05	

Epoch : 441
Total Error : 1.00037
Output : 0.000176327	0.0300939	-8.91549e-05	

Epoch : 442
Total Error : 1.00037
Output : 0.000174306	0.0300932	-8.82632e-05	

Epoch : 443
Total Error : 1.00037
Output : 0.000172309	0.0300925	-8.73804e-05	

Epoch : 444
Total Error : 1.00037
Output : 0.000170335	0.0300918	-8.65064e-05	

Epoch : 445
Total Error : 1.00037
Output : 0.000168383	0.030091	-8.56411e-05	

Epoch : 446
Total Error : 1.00037
Output : 0.000166453	0.0300903	-8.47845e-05	

Epoch : 447
Total Error : 1.00037
Output : 0.000164546	0.0300896	-8.39364e-05	

Epoch : 448
Total Error : 1.00037
Output : 0.00016266	0.0300889	-8.30968e-05	

Epoch : 449
Total Error : 1.00037
Output : 0.000160796	0.0300881	-8.22655e-05	

Epoch : 450
Total Error : 1.00038
Output : 0.000158953	0.0300874	-8.14426e-05	

Epoch : 451
Total Error : 1.00038
Output : 0.000157131	0.0300867	-8.06279e-05	

Epoch : 452
Total Error : 1.00038
Output : 0.00015533	0.030086	-7.98213e-05	

Epoch : 453
Total Error : 1.00038
Output : 0.000153549	0.0300853	-7.90227e-05	

Epoch : 454
Total Error : 1.00038
Output : 0.000151789	0.0300846	-7.82322e-05	

Epoch : 455
Total Error : 1.00038
Output : 0.000150049	0.0300839	-7.74495e-05	

Epoch : 456
Total Error : 1.00038
Output : 0.000148329	0.0300831	-7.66747e-05	

Epoch : 457
Total Error : 1.00038
Output : 0.000146628	0.0300824	-7.59076e-05	

Epoch : 458
Total Error : 1.00038
Output : 0.000144947	0.0300817	-7.51482e-05	

Epoch : 459
Total Error : 1.00038
Output : 0.000143285	0.030081	-7.43964e-05	

Epoch : 460
Total Error : 1.00038
Output : 0.000141642	0.0300803	-7.36521e-05	

Epoch : 461
Total Error : 1.00039
Output : 0.000140018	0.0300796	-7.29152e-05	

Epoch : 462
Total Error : 1.00039
Output : 0.000138413	0.0300789	-7.21857e-05	

Epoch : 463
Total Error : 1.00039
Output : 0.000136825	0.0300782	-7.14635e-05	

Epoch : 464
Total Error : 1.00039
Output : 0.000135256	0.0300775	-7.07485e-05	

Epoch : 465
Total Error : 1.00039
Output : 0.000133705	0.0300768	-7.00407e-05	

Epoch : 466
Total Error : 1.00039
Output : 0.000132171	0.0300761	-6.934e-05	

Epoch : 467
Total Error : 1.00039
Output : 0.000130655	0.0300754	-6.86463e-05	

Epoch : 468
Total Error : 1.00039
Output : 0.000129157	0.0300747	-6.79595e-05	

Epoch : 469
Total Error : 1.00039
Output : 0.000127675	0.030074	-6.72797e-05	

Epoch : 470
Total Error : 1.00039
Output : 0.00012621	0.0300733	-6.66066e-05	

Epoch : 471
Total Error : 1.00039
Output : 0.000124762	0.0300726	-6.59402e-05	

Epoch : 472
Total Error : 1.00039
Output : 0.000123331	0.0300719	-6.52806e-05	

Epoch : 473
Total Error : 1.00039
Output : 0.000121915	0.0300712	-6.46275e-05	

Epoch : 474
Total Error : 1.0004
Output : 0.000120516	0.0300705	-6.39811e-05	

Epoch : 475
Total Error : 1.0004
Output : 0.000119133	0.0300698	-6.3341e-05	

Epoch : 476
Total Error : 1.0004
Output : 0.000117766	0.0300691	-6.27074e-05	

Epoch : 477
Total Error : 1.0004
Output : 0.000116414	0.0300684	-6.20802e-05	

Epoch : 478
Total Error : 1.0004
Output : 0.000115078	0.0300677	-6.14592e-05	

Epoch : 479
Total Error : 1.0004
Output : 0.000113757	0.030067	-6.08445e-05	

Epoch : 480
Total Error : 1.0004
Output : 0.000112451	0.0300663	-6.02359e-05	

Epoch : 481
Total Error : 1.0004
Output : 0.00011116	0.0300656	-5.96335e-05	

Epoch : 482
Total Error : 1.0004
Output : 0.000109884	0.0300649	-5.90371e-05	

Epoch : 483
Total Error : 1.0004
Output : 0.000108622	0.0300642	-5.84466e-05	

Epoch : 484
Total Error : 1.0004
Output : 0.000107375	0.0300636	-5.78621e-05	

Epoch : 485
Total Error : 1.0004
Output : 0.000106142	0.0300629	-5.72835e-05	

Epoch : 486
Total Error : 1.0004
Output : 0.000104922	0.0300622	-5.67107e-05	

Epoch : 487
Total Error : 1.0004
Output : 0.000103717	0.0300615	-5.61436e-05	

Epoch : 488
Total Error : 1.0004
Output : 0.000102526	0.0300608	-5.55823e-05	

Epoch : 489
Total Error : 1.00041
Output : 0.000101348	0.0300601	-5.50265e-05	

Epoch : 490
Total Error : 1.00041
Output : 0.000100184	0.0300594	-5.44764e-05	

Epoch : 491
Total Error : 1.00041
Output : 9.90324e-05	0.0300588	-5.39318e-05	

Epoch : 492
Total Error : 1.00041
Output : 9.78944e-05	0.0300581	-5.33926e-05	

Epoch : 493
Total Error : 1.00041
Output : 9.67693e-05	0.0300574	-5.28589e-05	

Epoch : 494
Total Error : 1.00041
Output : 9.56571e-05	0.0300567	-5.23305e-05	

Epoch : 495
Total Error : 1.00041
Output : 9.45575e-05	0.030056	-5.18075e-05	

Epoch : 496
Total Error : 1.00041
Output : 9.34705e-05	0.0300553	-5.12897e-05	

Epoch : 497
Total Error : 1.00041
Output : 9.23958e-05	0.0300547	-5.07771e-05	

Epoch : 498
Total Error : 1.00041
Output : 9.13335e-05	0.030054	-5.02697e-05	

Epoch : 499
Total Error : 1.00041
Output : 9.02832e-05	0.0300533	-4.97673e-05	

Epoch : 500
Total Error : 1.00041
Output : 8.92449e-05	0.0300526	-4.92701e-05	

Epoch : 501
Total Error : 1.00041
Output : 8.82184e-05	0.0300519	-4.87778e-05	

Epoch : 502
Total Error : 1.00041
Output : 8.72036e-05	0.0300513	-4.82905e-05	

Epoch : 503
Total Error : 1.00041
Output : 8.62004e-05	0.0300506	-4.78081e-05	

Epoch : 504
Total Error : 1.00041
Output : 8.52086e-05	0.0300499	-4.73305e-05	

Epoch : 505
Total Error : 1.00041
Output : 8.42281e-05	0.0300492	-4.68578e-05	

Epoch : 506
Total Error : 1.00041
Output : 8.32588e-05	0.0300486	-4.63898e-05	

Epoch : 507
Total Error : 1.00042
Output : 8.23005e-05	0.0300479	-4.59265e-05	

Epoch : 508
Total Error : 1.00042
Output : 8.13531e-05	0.0300472	-4.54679e-05	

Epoch : 509
Total Error : 1.00042
Output : 8.04165e-05	0.0300465	-4.50139e-05	

Epoch : 510
Total Error : 1.00042
Output : 7.94906e-05	0.0300459	-4.45645e-05	

Epoch : 511
Total Error : 1.00042
Output : 7.85753e-05	0.0300452	-4.41196e-05	

Epoch : 512
Total Error : 1.00042
Output : 7.76703e-05	0.0300445	-4.36792e-05	

Epoch : 513
Total Error : 1.00042
Output : 7.67757e-05	0.0300438	-4.32432e-05	

Epoch : 514
Total Error : 1.00042
Output : 7.58913e-05	0.0300432	-4.28117e-05	

Epoch : 515
Total Error : 1.00042
Output : 7.50169e-05	0.0300425	-4.23844e-05	

Epoch : 516
Total Error : 1.00042
Output : 7.41525e-05	0.0300418	-4.19615e-05	

Epoch : 517
Total Error : 1.00042
Output : 7.32979e-05	0.0300412	-4.15429e-05	

Epoch : 518
Total Error : 1.00042
Output : 7.24531e-05	0.0300405	-4.11285e-05	

Epoch : 519
Total Error : 1.00042
Output : 7.16178e-05	0.0300398	-4.07182e-05	

Epoch : 520
Total Error : 1.00042
Output : 7.07921e-05	0.0300392	-4.03121e-05	

Epoch : 521
Total Error : 1.00042
Output : 6.99758e-05	0.0300385	-3.99101e-05	

Epoch : 522
Total Error : 1.00042
Output : 6.91688e-05	0.0300378	-3.95121e-05	

Epoch : 523
Total Error : 1.00042
Output : 6.83709e-05	0.0300372	-3.91182e-05	

Epoch : 524
Total Error : 1.00042
Output : 6.75822e-05	0.0300365	-3.87282e-05	

Epoch : 525
Total Error : 1.00042
Output : 6.68024e-05	0.0300358	-3.83422e-05	

Epoch : 526
Total Error : 1.00042
Output : 6.60315e-05	0.0300352	-3.79601e-05	

Epoch : 527
Total Error : 1.00042
Output : 6.52694e-05	0.0300345	-3.75818e-05	

Epoch : 528
Total Error : 1.00042
Output : 6.45159e-05	0.0300338	-3.72073e-05	

Epoch : 529
Total Error : 1.00042
Output : 6.3771e-05	0.0300332	-3.68367e-05	

Epoch : 530
Total Error : 1.00042
Output : 6.30346e-05	0.0300325	-3.64697e-05	

Epoch : 531
Total Error : 1.00042
Output : 6.23066e-05	0.0300318	-3.61065e-05	

Epoch : 532
Total Error : 1.00043
Output : 6.15868e-05	0.0300312	-3.57469e-05	

Epoch : 533
Total Error : 1.00043
Output : 6.08753e-05	0.0300305	-3.5391e-05	

Epoch : 534
Total Error : 1.00043
Output : 6.01718e-05	0.0300298	-3.50387e-05	

Epoch : 535
Total Error : 1.00043
Output : 5.94763e-05	0.0300292	-3.46899e-05	

Epoch : 536
Total Error : 1.00043
Output : 5.87888e-05	0.0300285	-3.43447e-05	

Epoch : 537
Total Error : 1.00043
Output : 5.81091e-05	0.0300278	-3.40029e-05	

Epoch : 538
Total Error : 1.00043
Output : 5.74371e-05	0.0300272	-3.36646e-05	

Epoch : 539
Total Error : 1.00043
Output : 5.67727e-05	0.0300265	-3.33298e-05	

Epoch : 540
Total Error : 1.00043
Output : 5.61159e-05	0.0300259	-3.29983e-05	

Epoch : 541
Total Error : 1.00043
Output : 5.54666e-05	0.0300252	-3.26701e-05	

Epoch : 542
Total Error : 1.00043
Output : 5.48246e-05	0.0300245	-3.23453e-05	

Epoch : 543
Total Error : 1.00043
Output : 5.419e-05	0.0300239	-3.20238e-05	

Epoch : 544
Total Error : 1.00043
Output : 5.35625e-05	0.0300232	-3.17055e-05	

Epoch : 545
Total Error : 1.00043
Output : 5.29422e-05	0.0300226	-3.13904e-05	

Epoch : 546
Total Error : 1.00043
Output : 5.2329e-05	0.0300219	-3.10786e-05	

Epoch : 547
Total Error : 1.00043
Output : 5.17227e-05	0.0300212	-3.07698e-05	

Epoch : 548
Total Error : 1.00043
Output : 5.11233e-05	0.0300206	-3.04642e-05	

Epoch : 549
Total Error : 1.00043
Output : 5.05308e-05	0.0300199	-3.01617e-05	

Epoch : 550
Total Error : 1.00043
Output : 4.99449e-05	0.0300193	-2.98623e-05	

Epoch : 551
Total Error : 1.00043
Output : 4.93658e-05	0.0300186	-2.95659e-05	

Epoch : 552
Total Error : 1.00043
Output : 4.87932e-05	0.030018	-2.92725e-05	

Epoch : 553
Total Error : 1.00043
Output : 4.82271e-05	0.0300173	-2.8982e-05	

Epoch : 554
Total Error : 1.00043
Output : 4.76674e-05	0.0300166	-2.86946e-05	

Epoch : 555
Total Error : 1.00043
Output : 4.71142e-05	0.030016	-2.841e-05	

Epoch : 556
Total Error : 1.00043
Output : 4.65672e-05	0.0300153	-2.81283e-05	

Epoch : 557
Total Error : 1.00043
Output : 4.60264e-05	0.0300147	-2.78494e-05	

Epoch : 558
Total Error : 1.00043
Output : 4.54917e-05	0.030014	-2.75734e-05	

Epoch : 559
Total Error : 1.00043
Output : 4.49632e-05	0.0300134	-2.73002e-05	

Epoch : 560
Total Error : 1.00043
Output : 4.44406e-05	0.0300127	-2.70297e-05	

Epoch : 561
Total Error : 1.00043
Output : 4.3924e-05	0.0300121	-2.6762e-05	

Epoch : 562
Total Error : 1.00043
Output : 4.34132e-05	0.0300114	-2.6497e-05	

Epoch : 563
Total Error : 1.00043
Output : 4.29083e-05	0.0300107	-2.62347e-05	

Epoch : 564
Total Error : 1.00043
Output : 4.2409e-05	0.0300101	-2.5975e-05	

Epoch : 565
Total Error : 1.00043
Output : 4.19155e-05	0.0300094	-2.5718e-05	

Epoch : 566
Total Error : 1.00043
Output : 4.14276e-05	0.0300088	-2.54636e-05	

Epoch : 567
Total Error : 1.00043
Output : 4.09452e-05	0.0300081	-2.52117e-05	

Epoch : 568
Total Error : 1.00043
Output : 4.04682e-05	0.0300075	-2.49625e-05	

Epoch : 569
Total Error : 1.00043
Output : 3.99967e-05	0.0300068	-2.47157e-05	

Epoch : 570
Total Error : 1.00044
Output : 3.95306e-05	0.0300062	-2.44715e-05	

Epoch : 571
Total Error : 1.00044
Output : 3.90697e-05	0.0300055	-2.42297e-05	

Epoch : 572
Total Error : 1.00044
Output : 3.86141e-05	0.0300049	-2.39904e-05	

Epoch : 573
Total Error : 1.00044
Output : 3.81636e-05	0.0300042	-2.37535e-05	

Epoch : 574
Total Error : 1.00044
Output : 3.77183e-05	0.0300036	-2.3519e-05	

Epoch : 575
Total Error : 1.00044
Output : 3.7278e-05	0.0300029	-2.32869e-05	

Epoch : 576
Total Error : 1.00044
Output : 3.68427e-05	0.0300023	-2.30571e-05	

Epoch : 577
Total Error : 1.00044
Output : 3.64124e-05	0.0300016	-2.28297e-05	

Epoch : 578
Total Error : 1.00044
Output : 3.59869e-05	0.030001	-2.26046e-05	

Epoch : 579
Total Error : 1.00044
Output : 3.55663e-05	0.0300003	-2.23818e-05	

Epoch : 580
Total Error : 1.00044
Output : 3.51505e-05	0.0299997	-2.21612e-05	

Epoch : 581
Total Error : 1.00044
Output : 3.47393e-05	0.029999	-2.19429e-05	

Epoch : 582
Total Error : 1.00044
Output : 3.43329e-05	0.0299984	-2.17268e-05	

Epoch : 583
Total Error : 1.00044
Output : 3.3931e-05	0.0299977	-2.15128e-05	

Epoch : 584
Total Error : 1.00044
Output : 3.35337e-05	0.0299971	-2.13011e-05	

Epoch : 585
Total Error : 1.00044
Output : 3.31409e-05	0.0299964	-2.10915e-05	

Epoch : 586
Total Error : 1.00044
Output : 3.27526e-05	0.0299958	-2.08841e-05	

Epoch : 587
Total Error : 1.00044
Output : 3.23687e-05	0.0299951	-2.06787e-05	

Epoch : 588
Total Error : 1.00044
Output : 3.19891e-05	0.0299945	-2.04754e-05	

Epoch : 589
Total Error : 1.00044
Output : 3.16138e-05	0.0299938	-2.02742e-05	

Epoch : 590
Total Error : 1.00044
Output : 3.12428e-05	0.0299932	-2.00751e-05	

Epoch : 591
Total Error : 1.00044
Output : 3.0876e-05	0.0299925	-1.9878e-05	

Epoch : 592
Total Error : 1.00044
Output : 3.05134e-05	0.0299919	-1.96828e-05	

Epoch : 593
Total Error : 1.00044
Output : 3.01549e-05	0.0299912	-1.94897e-05	

Epoch : 594
Total Error : 1.00044
Output : 2.98004e-05	0.0299906	-1.92985e-05	

Epoch : 595
Total Error : 1.00044
Output : 2.945e-05	0.0299899	-1.91093e-05	

Epoch : 596
Total Error : 1.00044
Output : 2.91035e-05	0.0299893	-1.8922e-05	

Epoch : 597
Total Error : 1.00044
Output : 2.8761e-05	0.0299886	-1.87366e-05	

Epoch : 598
Total Error : 1.00044
Output : 2.84223e-05	0.029988	-1.8553e-05	

Epoch : 599
Total Error : 1.00044
Output : 2.80875e-05	0.0299873	-1.83714e-05	

Epoch : 600
Total Error : 1.00044
Output : 2.77565e-05	0.0299867	-1.81916e-05	

Epoch : 601
Total Error : 1.00044
Output : 2.74292e-05	0.0299861	-1.80136e-05	

Epoch : 602
Total Error : 1.00044
Output : 2.71057e-05	0.0299854	-1.78374e-05	

Epoch : 603
Total Error : 1.00044
Output : 2.67858e-05	0.0299848	-1.76631e-05	

Epoch : 604
Total Error : 1.00044
Output : 2.64696e-05	0.0299841	-1.74905e-05	

Epoch : 605
Total Error : 1.00044
Output : 2.61569e-05	0.0299835	-1.73196e-05	

Epoch : 606
Total Error : 1.00044
Output : 2.58478e-05	0.0299828	-1.71505e-05	

Epoch : 607
Total Error : 1.00044
Output : 2.55421e-05	0.0299822	-1.69831e-05	

Epoch : 608
Total Error : 1.00044
Output : 2.524e-05	0.0299815	-1.68175e-05	

Epoch : 609
Total Error : 1.00044
Output : 2.49412e-05	0.0299809	-1.66535e-05	

Epoch : 610
Total Error : 1.00044
Output : 2.46459e-05	0.0299803	-1.64912e-05	

Epoch : 611
Total Error : 1.00044
Output : 2.43539e-05	0.0299796	-1.63305e-05	

Epoch : 612
Total Error : 1.00044
Output : 2.40652e-05	0.029979	-1.61715e-05	

Epoch : 613
Total Error : 1.00044
Output : 2.37798e-05	0.0299783	-1.6014e-05	

Epoch : 614
Total Error : 1.00044
Output : 2.34976e-05	0.0299777	-1.58582e-05	

Epoch : 615
Total Error : 1.00044
Output : 2.32186e-05	0.029977	-1.5704e-05	

Epoch : 616
Total Error : 1.00044
Output : 2.29428e-05	0.0299764	-1.55514e-05	

Epoch : 617
Total Error : 1.00044
Output : 2.26701e-05	0.0299757	-1.54003e-05	

Epoch : 618
Total Error : 1.00044
Output : 2.24005e-05	0.0299751	-1.52507e-05	

Epoch : 619
Total Error : 1.00044
Output : 2.21339e-05	0.0299745	-1.51027e-05	

Epoch : 620
Total Error : 1.00044
Output : 2.18704e-05	0.0299738	-1.49562e-05	

Epoch : 621
Total Error : 1.00044
Output : 2.16098e-05	0.0299732	-1.48111e-05	

Epoch : 622
Total Error : 1.00044
Output : 2.13522e-05	0.0299725	-1.46676e-05	

Epoch : 623
Total Error : 1.00044
Output : 2.10975e-05	0.0299719	-1.45255e-05	

Epoch : 624
Total Error : 1.00044
Output : 2.08457e-05	0.0299712	-1.43848e-05	

Epoch : 625
Total Error : 1.00044
Output : 2.05968e-05	0.0299706	-1.42456e-05	

Epoch : 626
Total Error : 1.00044
Output : 2.03506e-05	0.02997	-1.41078e-05	

Epoch : 627
Total Error : 1.00044
Output : 2.01073e-05	0.0299693	-1.39715e-05	

Epoch : 628
Total Error : 1.00044
Output : 1.98667e-05	0.0299687	-1.38365e-05	

Epoch : 629
Total Error : 1.00044
Output : 1.96288e-05	0.029968	-1.37029e-05	

Epoch : 630
Total Error : 1.00044
Output : 1.93937e-05	0.0299674	-1.35706e-05	

Epoch : 631
Total Error : 1.00044
Output : 1.91611e-05	0.0299668	-1.34397e-05	

Epoch : 632
Total Error : 1.00044
Output : 1.89313e-05	0.0299661	-1.33101e-05	

Epoch : 633
Total Error : 1.00044
Output : 1.8704e-05	0.0299655	-1.31819e-05	

Epoch : 634
Total Error : 1.00044
Output : 1.84793e-05	0.0299648	-1.30549e-05	

Epoch : 635
Total Error : 1.00044
Output : 1.82571e-05	0.0299642	-1.29293e-05	

Epoch : 636
Total Error : 1.00044
Output : 1.80375e-05	0.0299636	-1.28049e-05	

Epoch : 637
Total Error : 1.00044
Output : 1.78203e-05	0.0299629	-1.26818e-05	

Epoch : 638
Total Error : 1.00044
Output : 1.76056e-05	0.0299623	-1.256e-05	

Epoch : 639
Total Error : 1.00044
Output : 1.73934e-05	0.0299616	-1.24394e-05	

Epoch : 640
Total Error : 1.00044
Output : 1.71835e-05	0.029961	-1.232e-05	

Epoch : 641
Total Error : 1.00044
Output : 1.6976e-05	0.0299604	-1.22019e-05	

Epoch : 642
Total Error : 1.00044
Output : 1.67708e-05	0.0299597	-1.2085e-05	

Epoch : 643
Total Error : 1.00044
Output : 1.6568e-05	0.0299591	-1.19692e-05	

Epoch : 644
Total Error : 1.00044
Output : 1.63675e-05	0.0299584	-1.18547e-05	

Epoch : 645
Total Error : 1.00044
Output : 1.61692e-05	0.0299578	-1.17413e-05	

Epoch : 646
Total Error : 1.00044
Output : 1.59732e-05	0.0299572	-1.1629e-05	

Epoch : 647
Total Error : 1.00044
Output : 1.57794e-05	0.0299565	-1.15179e-05	

Epoch : 648
Total Error : 1.00044
Output : 1.55878e-05	0.0299559	-1.1408e-05	

Epoch : 649
Total Error : 1.00044
Output : 1.53983e-05	0.0299552	-1.12992e-05	

Epoch : 650
Total Error : 1.00044
Output : 1.5211e-05	0.0299546	-1.11914e-05	

Epoch : 651
Total Error : 1.00044
Output : 1.50259e-05	0.029954	-1.10848e-05	

Epoch : 652
Total Error : 1.00044
Output : 1.48428e-05	0.0299533	-1.09793e-05	

Epoch : 653
Total Error : 1.00044
Output : 1.46618e-05	0.0299527	-1.08748e-05	

Epoch : 654
Total Error : 1.00044
Output : 1.44828e-05	0.0299521	-1.07714e-05	

Epoch : 655
Total Error : 1.00044
Output : 1.43058e-05	0.0299514	-1.06691e-05	

Epoch : 656
Total Error : 1.00044
Output : 1.41309e-05	0.0299508	-1.05678e-05	

Epoch : 657
Total Error : 1.00045
Output : 1.39579e-05	0.0299501	-1.04676e-05	

Epoch : 658
Total Error : 1.00045
Output : 1.37869e-05	0.0299495	-1.03684e-05	

Epoch : 659
Total Error : 1.00045
Output : 1.36178e-05	0.0299489	-1.02701e-05	

Epoch : 660
Total Error : 1.00045
Output : 1.34507e-05	0.0299482	-1.01729e-05	

Epoch : 661
Total Error : 1.00045
Output : 1.32854e-05	0.0299476	-1.00767e-05	

Epoch : 662
Total Error : 1.00045
Output : 1.3122e-05	0.029947	-9.9815e-06	

Epoch : 663
Total Error : 1.00045
Output : 1.29604e-05	0.0299463	-9.88724e-06	

Epoch : 664
Total Error : 1.00045
Output : 1.28007e-05	0.0299457	-9.79395e-06	

Epoch : 665
Total Error : 1.00045
Output : 1.26428e-05	0.029945	-9.70161e-06	

Epoch : 666
Total Error : 1.00045
Output : 1.24866e-05	0.0299444	-9.61022e-06	

Epoch : 667
Total Error : 1.00045
Output : 1.23322e-05	0.0299438	-9.51976e-06	

Epoch : 668
Total Error : 1.00045
Output : 1.21796e-05	0.0299431	-9.43023e-06	

Epoch : 669
Total Error : 1.00045
Output : 1.20287e-05	0.0299425	-9.34161e-06	

Epoch : 670
Total Error : 1.00045
Output : 1.18795e-05	0.0299419	-9.25389e-06	

Epoch : 671
Total Error : 1.00045
Output : 1.1732e-05	0.0299412	-9.16708e-06	

Epoch : 672
Total Error : 1.00045
Output : 1.15861e-05	0.0299406	-9.08115e-06	

Epoch : 673
Total Error : 1.00045
Output : 1.14419e-05	0.02994	-8.9961e-06	

Epoch : 674
Total Error : 1.00045
Output : 1.12993e-05	0.0299393	-8.91193e-06	

Epoch : 675
Total Error : 1.00045
Output : 1.11584e-05	0.0299387	-8.82861e-06	

Epoch : 676
Total Error : 1.00045
Output : 1.1019e-05	0.029938	-8.74615e-06	

Epoch : 677
Total Error : 1.00045
Output : 1.08812e-05	0.0299374	-8.66453e-06	

Epoch : 678
Total Error : 1.00045
Output : 1.0745e-05	0.0299368	-8.58374e-06	

Epoch : 679
Total Error : 1.00045
Output : 1.06103e-05	0.0299361	-8.50378e-06	

Epoch : 680
Total Error : 1.00045
Output : 1.04771e-05	0.0299355	-8.42464e-06	

Epoch : 681
Total Error : 1.00045
Output : 1.03454e-05	0.0299349	-8.34631e-06	

Epoch : 682
Total Error : 1.00045
Output : 1.02152e-05	0.0299342	-8.26878e-06	

Epoch : 683
Total Error : 1.00045
Output : 1.00865e-05	0.0299336	-8.19205e-06	

Epoch : 684
Total Error : 1.00045
Output : 9.95924e-06	0.029933	-8.1161e-06	

Epoch : 685
Total Error : 1.00045
Output : 9.83341e-06	0.0299323	-8.04093e-06	

Epoch : 686
Total Error : 1.00045
Output : 9.709e-06	0.0299317	-7.96653e-06	

Epoch : 687
Total Error : 1.00045
Output : 9.586e-06	0.0299311	-7.89289e-06	

Epoch : 688
Total Error : 1.00045
Output : 9.46438e-06	0.0299304	-7.82e-06	

Epoch : 689
Total Error : 1.00045
Output : 9.34414e-06	0.0299298	-7.74786e-06	

Epoch : 690
Total Error : 1.00045
Output : 9.22526e-06	0.0299292	-7.67646e-06	

Epoch : 691
Total Error : 1.00045
Output : 9.10772e-06	0.0299285	-7.60579e-06	

Epoch : 692
Total Error : 1.00045
Output : 8.9915e-06	0.0299279	-7.53584e-06	

Epoch : 693
Total Error : 1.00045
Output : 8.8766e-06	0.0299273	-7.46661e-06	

Epoch : 694
Total Error : 1.00045
Output : 8.76299e-06	0.0299266	-7.39809e-06	

Epoch : 695
Total Error : 1.00045
Output : 8.65067e-06	0.029926	-7.33027e-06	

Epoch : 696
Total Error : 1.00045
Output : 8.53961e-06	0.0299254	-7.26315e-06	

Epoch : 697
Total Error : 1.00045
Output : 8.42981e-06	0.0299247	-7.19671e-06	

Epoch : 698
Total Error : 1.00045
Output : 8.32125e-06	0.0299241	-7.13096e-06	

Epoch : 699
Total Error : 1.00045
Output : 8.21391e-06	0.0299235	-7.06588e-06	

Epoch : 700
Total Error : 1.00045
Output : 8.10778e-06	0.0299228	-7.00146e-06	

Epoch : 701
Total Error : 1.00045
Output : 8.00285e-06	0.0299222	-6.93771e-06	

Epoch : 702
Total Error : 1.00045
Output : 7.8991e-06	0.0299216	-6.87461e-06	

Epoch : 703
Total Error : 1.00045
Output : 7.79653e-06	0.0299209	-6.81215e-06	

Epoch : 704
Total Error : 1.00045
Output : 7.69511e-06	0.0299203	-6.75034e-06	

Epoch : 705
Total Error : 1.00045
Output : 7.59484e-06	0.0299197	-6.68916e-06	

Epoch : 706
Total Error : 1.00045
Output : 7.4957e-06	0.029919	-6.6286e-06	

Epoch : 707
Total Error : 1.00045
Output : 7.39767e-06	0.0299184	-6.56867e-06	

Epoch : 708
Total Error : 1.00045
Output : 7.30075e-06	0.0299178	-6.50935e-06	

Epoch : 709
Total Error : 1.00045
Output : 7.20493e-06	0.0299171	-6.45064e-06	

Epoch : 710
Total Error : 1.00045
Output : 7.11018e-06	0.0299165	-6.39253e-06	

Epoch : 711
Total Error : 1.00045
Output : 7.01651e-06	0.0299159	-6.33502e-06	

Epoch : 712
Total Error : 1.00045
Output : 6.92389e-06	0.0299152	-6.27809e-06	

Epoch : 713
Total Error : 1.00045
Output : 6.83231e-06	0.0299146	-6.22175e-06	

Epoch : 714
Total Error : 1.00045
Output : 6.74177e-06	0.029914	-6.16599e-06	

Epoch : 715
Total Error : 1.00045
Output : 6.65225e-06	0.0299133	-6.1108e-06	

Epoch : 716
Total Error : 1.00045
Output : 6.56374e-06	0.0299127	-6.05618e-06	

Epoch : 717
Total Error : 1.00045
Output : 6.47623e-06	0.0299121	-6.00211e-06	

Epoch : 718
Total Error : 1.00045
Output : 6.3897e-06	0.0299114	-5.9486e-06	

Epoch : 719
Total Error : 1.00045
Output : 6.30415e-06	0.0299108	-5.89564e-06	

Epoch : 720
Total Error : 1.00045
Output : 6.21956e-06	0.0299102	-5.84323e-06	

Epoch : 721
Total Error : 1.00045
Output : 6.13593e-06	0.0299095	-5.79135e-06	

Epoch : 722
Total Error : 1.00045
Output : 6.05324e-06	0.0299089	-5.74e-06	

Epoch : 723
Total Error : 1.00045
Output : 5.97148e-06	0.0299083	-5.68918e-06	

Epoch : 724
Total Error : 1.00045
Output : 5.89065e-06	0.0299077	-5.63888e-06	

Epoch : 725
Total Error : 1.00045
Output : 5.81072e-06	0.029907	-5.58909e-06	

Epoch : 726
Total Error : 1.00045
Output : 5.7317e-06	0.0299064	-5.53982e-06	

Epoch : 727
Total Error : 1.00045
Output : 5.65356e-06	0.0299058	-5.49106e-06	

Epoch : 728
Total Error : 1.00045
Output : 5.57631e-06	0.0299051	-5.44279e-06	

Epoch : 729
Total Error : 1.00045
Output : 5.49993e-06	0.0299045	-5.39502e-06	

Epoch : 730
Total Error : 1.00045
Output : 5.42441e-06	0.0299039	-5.34774e-06	

Epoch : 731
Total Error : 1.00045
Output : 5.34974e-06	0.0299032	-5.30094e-06	

Epoch : 732
Total Error : 1.00045
Output : 5.27591e-06	0.0299026	-5.25463e-06	

Epoch : 733
Total Error : 1.00045
Output : 5.20291e-06	0.029902	-5.20879e-06	

Epoch : 734
Total Error : 1.00045
Output : 5.13074e-06	0.0299013	-5.16342e-06	

Epoch : 735
Total Error : 1.00045
Output : 5.05938e-06	0.0299007	-5.11851e-06	

Epoch : 736
Total Error : 1.00045
Output : 4.98882e-06	0.0299001	-5.07407e-06	

Epoch : 737
Total Error : 1.00045
Output : 4.91906e-06	0.0298995	-5.03008e-06	

Epoch : 738
Total Error : 1.00045
Output : 4.85008e-06	0.0298988	-4.98655e-06	

Epoch : 739
Total Error : 1.00045
Output : 4.78188e-06	0.0298982	-4.94346e-06	

Epoch : 740
Total Error : 1.00045
Output : 4.71445e-06	0.0298976	-4.90082e-06	

Epoch : 741
Total Error : 1.00045
Output : 4.64778e-06	0.0298969	-4.85861e-06	

Epoch : 742
Total Error : 1.00045
Output : 4.58186e-06	0.0298963	-4.81683e-06	

Epoch : 743
Total Error : 1.00045
Output : 4.51668e-06	0.0298957	-4.77549e-06	

Epoch : 744
Total Error : 1.00045
Output : 4.45224e-06	0.029895	-4.73457e-06	

Epoch : 745
Total Error : 1.00045
Output : 4.38852e-06	0.0298944	-4.69407e-06	

Epoch : 746
Total Error : 1.00045
Output : 4.32552e-06	0.0298938	-4.65398e-06	

Epoch : 747
Total Error : 1.00045
Output : 4.26323e-06	0.0298932	-4.61431e-06	

Epoch : 748
Total Error : 1.00045
Output : 4.20164e-06	0.0298925	-4.57504e-06	

Epoch : 749
Total Error : 1.00045
Output : 4.14075e-06	0.0298919	-4.53618e-06	

Epoch : 750
Total Error : 1.00045
Output : 4.08054e-06	0.0298913	-4.49772e-06	

Epoch : 751
Total Error : 1.00045
Output : 4.02101e-06	0.0298906	-4.45965e-06	

Epoch : 752
Total Error : 1.00045
Output : 3.96215e-06	0.02989	-4.42197e-06	

Epoch : 753
Total Error : 1.00045
Output : 3.90395e-06	0.0298894	-4.38468e-06	

Epoch : 754
Total Error : 1.00045
Output : 3.8464e-06	0.0298888	-4.34778e-06	

Epoch : 755
Total Error : 1.00045
Output : 3.78951e-06	0.0298881	-4.31125e-06	

Epoch : 756
Total Error : 1.00045
Output : 3.73325e-06	0.0298875	-4.2751e-06	

Epoch : 757
Total Error : 1.00045
Output : 3.67763e-06	0.0298869	-4.23932e-06	

Epoch : 758
Total Error : 1.00045
Output : 3.62264e-06	0.0298862	-4.2039e-06	

Epoch : 759
Total Error : 1.00045
Output : 3.56826e-06	0.0298856	-4.16885e-06	

Epoch : 760
Total Error : 1.00045
Output : 3.5145e-06	0.029885	-4.13416e-06	

Epoch : 761
Total Error : 1.00045
Output : 3.46134e-06	0.0298844	-4.09983e-06	

Epoch : 762
Total Error : 1.00045
Output : 3.40878e-06	0.0298837	-4.06585e-06	

Epoch : 763
Total Error : 1.00045
Output : 3.35681e-06	0.0298831	-4.03222e-06	

Epoch : 764
Total Error : 1.00045
Output : 3.30542e-06	0.0298825	-3.99894e-06	

Epoch : 765
Total Error : 1.00045
Output : 3.25462e-06	0.0298818	-3.96599e-06	

Epoch : 766
Total Error : 1.00045
Output : 3.20438e-06	0.0298812	-3.93339e-06	

Epoch : 767
Total Error : 1.00045
Output : 3.15471e-06	0.0298806	-3.90112e-06	

Epoch : 768
Total Error : 1.00045
Output : 3.10561e-06	0.02988	-3.86918e-06	

Epoch : 769
Total Error : 1.00045
Output : 3.05705e-06	0.0298793	-3.83757e-06	

Epoch : 770
Total Error : 1.00045
Output : 3.00904e-06	0.0298787	-3.80629e-06	

Epoch : 771
Total Error : 1.00045
Output : 2.96157e-06	0.0298781	-3.77532e-06	

Epoch : 772
Total Error : 1.00045
Output : 2.91463e-06	0.0298775	-3.74468e-06	

Epoch : 773
Total Error : 1.00045
Output : 2.86822e-06	0.0298768	-3.71435e-06	

Epoch : 774
Total Error : 1.00045
Output : 2.82234e-06	0.0298762	-3.68433e-06	

Epoch : 775
Total Error : 1.00045
Output : 2.77697e-06	0.0298756	-3.65462e-06	

Epoch : 776
Total Error : 1.00045
Output : 2.73211e-06	0.0298749	-3.62522e-06	

Epoch : 777
Total Error : 1.00045
Output : 2.68775e-06	0.0298743	-3.59612e-06	

Epoch : 778
Total Error : 1.00045
Output : 2.6439e-06	0.0298737	-3.56731e-06	

Epoch : 779
Total Error : 1.00045
Output : 2.60053e-06	0.0298731	-3.53881e-06	

Epoch : 780
Total Error : 1.00045
Output : 2.55766e-06	0.0298724	-3.5106e-06	

Epoch : 781
Total Error : 1.00045
Output : 2.51527e-06	0.0298718	-3.48267e-06	

Epoch : 782
Total Error : 1.00045
Output : 2.47335e-06	0.0298712	-3.45504e-06	

Epoch : 783
Total Error : 1.00045
Output : 2.43191e-06	0.0298706	-3.42769e-06	

Epoch : 784
Total Error : 1.00045
Output : 2.39093e-06	0.0298699	-3.40062e-06	

Epoch : 785
Total Error : 1.00045
Output : 2.35041e-06	0.0298693	-3.37382e-06	

Epoch : 786
Total Error : 1.00045
Output : 2.31035e-06	0.0298687	-3.34731e-06	

Epoch : 787
Total Error : 1.00045
Output : 2.27074e-06	0.029868	-3.32106e-06	

Epoch : 788
Total Error : 1.00045
Output : 2.23158e-06	0.0298674	-3.29509e-06	

Epoch : 789
Total Error : 1.00045
Output : 2.19285e-06	0.0298668	-3.26938e-06	

Epoch : 790
Total Error : 1.00045
Output : 2.15456e-06	0.0298662	-3.24394e-06	

Epoch : 791
Total Error : 1.00045
Output : 2.1167e-06	0.0298655	-3.21876e-06	

Epoch : 792
Total Error : 1.00045
Output : 2.07927e-06	0.0298649	-3.19384e-06	

Epoch : 793
Total Error : 1.00045
Output : 2.04226e-06	0.0298643	-3.16917e-06	

Epoch : 794
Total Error : 1.00045
Output : 2.00566e-06	0.0298637	-3.14476e-06	

Epoch : 795
Total Error : 1.00045
Output : 1.96948e-06	0.029863	-3.1206e-06	

Epoch : 796
Total Error : 1.00045
Output : 1.9337e-06	0.0298624	-3.09669e-06	

Epoch : 797
Total Error : 1.00045
Output : 1.89833e-06	0.0298618	-3.07302e-06	

Epoch : 798
Total Error : 1.00045
Output : 1.86335e-06	0.0298612	-3.0496e-06	

Epoch : 799
Total Error : 1.00045
Output : 1.82877e-06	0.0298605	-3.02642e-06	

Epoch : 800
Total Error : 1.00045
Output : 1.79457e-06	0.0298599	-3.00348e-06	

Epoch : 801
Total Error : 1.00045
Output : 1.76076e-06	0.0298593	-2.98077e-06	

Epoch : 802
Total Error : 1.00045
Output : 1.72733e-06	0.0298587	-2.9583e-06	

Epoch : 803
Total Error : 1.00045
Output : 1.69427e-06	0.029858	-2.93605e-06	

Epoch : 804
Total Error : 1.00045
Output : 1.66159e-06	0.0298574	-2.91404e-06	

Epoch : 805
Total Error : 1.00045
Output : 1.62927e-06	0.0298568	-2.89225e-06	

Epoch : 806
Total Error : 1.00045
Output : 1.59732e-06	0.0298562	-2.87069e-06	

Epoch : 807
Total Error : 1.00045
Output : 1.56573e-06	0.0298555	-2.84935e-06	

Epoch : 808
Total Error : 1.00045
Output : 1.53449e-06	0.0298549	-2.82823e-06	

Epoch : 809
Total Error : 1.00045
Output : 1.5036e-06	0.0298543	-2.80733e-06	

Epoch : 810
Total Error : 1.00045
Output : 1.47306e-06	0.0298537	-2.78664e-06	

Epoch : 811
Total Error : 1.00045
Output : 1.44287e-06	0.029853	-2.76616e-06	

Epoch : 812
Total Error : 1.00045
Output : 1.41301e-06	0.0298524	-2.7459e-06	

Epoch : 813
Total Error : 1.00045
Output : 1.38349e-06	0.0298518	-2.72584e-06	

Epoch : 814
Total Error : 1.00045
Output : 1.3543e-06	0.0298512	-2.70599e-06	

Epoch : 815
Total Error : 1.00045
Output : 1.32543e-06	0.0298505	-2.68634e-06	

Epoch : 816
Total Error : 1.00045
Output : 1.2969e-06	0.0298499	-2.6669e-06	

Epoch : 817
Total Error : 1.00045
Output : 1.26868e-06	0.0298493	-2.64766e-06	

Epoch : 818
Total Error : 1.00045
Output : 1.24078e-06	0.0298487	-2.62861e-06	

Epoch : 819
Total Error : 1.00045
Output : 1.21319e-06	0.029848	-2.60976e-06	

Epoch : 820
Total Error : 1.00045
Output : 1.18592e-06	0.0298474	-2.5911e-06	

Epoch : 821
Total Error : 1.00045
Output : 1.15895e-06	0.0298468	-2.57264e-06	

Epoch : 822
Total Error : 1.00045
Output : 1.13228e-06	0.0298462	-2.55437e-06	

Epoch : 823
Total Error : 1.00045
Output : 1.10591e-06	0.0298455	-2.53628e-06	

Epoch : 824
Total Error : 1.00045
Output : 1.07984e-06	0.0298449	-2.51838e-06	

Epoch : 825
Total Error : 1.00045
Output : 1.05406e-06	0.0298443	-2.50067e-06	

Epoch : 826
Total Error : 1.00045
Output : 1.02858e-06	0.0298437	-2.48313e-06	

Epoch : 827
Total Error : 1.00045
Output : 1.00337e-06	0.029843	-2.46578e-06	

Epoch : 828
Total Error : 1.00045
Output : 9.78456e-07	0.0298424	-2.44861e-06	

Epoch : 829
Total Error : 1.00045
Output : 9.53817e-07	0.0298418	-2.43161e-06	

Epoch : 830
Total Error : 1.00045
Output : 9.29455e-07	0.0298412	-2.41479e-06	

Epoch : 831
Total Error : 1.00045
Output : 9.05367e-07	0.0298405	-2.39814e-06	

Epoch : 832
Total Error : 1.00045
Output : 8.8155e-07	0.0298399	-2.38166e-06	

Epoch : 833
Total Error : 1.00045
Output : 8.58e-07	0.0298393	-2.36535e-06	

Epoch : 834
Total Error : 1.00045
Output : 8.34715e-07	0.0298387	-2.34921e-06	

Epoch : 835
Total Error : 1.00045
Output : 8.11691e-07	0.0298381	-2.33324e-06	

Epoch : 836
Total Error : 1.00045
Output : 7.88926e-07	0.0298374	-2.31743e-06	

Epoch : 837
Total Error : 1.00045
Output : 7.66417e-07	0.0298368	-2.30178e-06	

Epoch : 838
Total Error : 1.00045
Output : 7.4416e-07	0.0298362	-2.2863e-06	

Epoch : 839
Total Error : 1.00045
Output : 7.22154e-07	0.0298356	-2.27097e-06	

Epoch : 840
Total Error : 1.00045
Output : 7.00395e-07	0.0298349	-2.2558e-06	

Epoch : 841
Total Error : 1.00045
Output : 6.7888e-07	0.0298343	-2.24079e-06	

Epoch : 842
Total Error : 1.00045
Output : 6.57607e-07	0.0298337	-2.22593e-06	

Epoch : 843
Total Error : 1.00045
Output : 6.36573e-07	0.0298331	-2.21123e-06	

Epoch : 844
Total Error : 1.00045
Output : 6.15776e-07	0.0298324	-2.19667e-06	

Epoch : 845
Total Error : 1.00045
Output : 5.95212e-07	0.0298318	-2.18227e-06	

Epoch : 846
Total Error : 1.00045
Output : 5.74879e-07	0.0298312	-2.16801e-06	

Epoch : 847
Total Error : 1.00045
Output : 5.54774e-07	0.0298306	-2.1539e-06	

Epoch : 848
Total Error : 1.00045
Output : 5.34895e-07	0.02983	-2.13994e-06	

Epoch : 849
Total Error : 1.00045
Output : 5.1524e-07	0.0298293	-2.12612e-06	

Epoch : 850
Total Error : 1.00045
Output : 4.95805e-07	0.0298287	-2.11244e-06	

Epoch : 851
Total Error : 1.00045
Output : 4.76589e-07	0.0298281	-2.0989e-06	

Epoch : 852
Total Error : 1.00045
Output : 4.57588e-07	0.0298275	-2.08551e-06	

Epoch : 853
Total Error : 1.00045
Output : 4.38801e-07	0.0298268	-2.07225e-06	

Epoch : 854
Total Error : 1.00045
Output : 4.20225e-07	0.0298262	-2.05912e-06	

Epoch : 855
Total Error : 1.00045
Output : 4.01858e-07	0.0298256	-2.04614e-06	

Epoch : 856
Total Error : 1.00045
Output : 3.83697e-07	0.029825	-2.03328e-06	

Epoch : 857
Total Error : 1.00045
Output : 3.6574e-07	0.0298244	-2.02056e-06	

Epoch : 858
Total Error : 1.00045
Output : 3.47985e-07	0.0298237	-2.00797e-06	

Epoch : 859
Total Error : 1.00045
Output : 3.30429e-07	0.0298231	-1.99551e-06	

Epoch : 860
Total Error : 1.00045
Output : 3.1307e-07	0.0298225	-1.98317e-06	

Epoch : 861
Total Error : 1.00045
Output : 2.95906e-07	0.0298219	-1.97097e-06	

Epoch : 862
Total Error : 1.00045
Output : 2.78936e-07	0.0298212	-1.95889e-06	

Epoch : 863
Total Error : 1.00045
Output : 2.62155e-07	0.0298206	-1.94693e-06	

Epoch : 864
Total Error : 1.00045
Output : 2.45564e-07	0.02982	-1.9351e-06	

Epoch : 865
Total Error : 1.00045
Output : 2.29158e-07	0.0298194	-1.92338e-06	

Epoch : 866
Total Error : 1.00045
Output : 2.12937e-07	0.0298188	-1.91179e-06	

Epoch : 867
Total Error : 1.00045
Output : 1.96899e-07	0.0298181	-1.90032e-06	

Epoch : 868
Total Error : 1.00045
Output : 1.8104e-07	0.0298175	-1.88897e-06	

Epoch : 869
Total Error : 1.00045
Output : 1.65359e-07	0.0298169	-1.87773e-06	

Epoch : 870
Total Error : 1.00045
Output : 1.49855e-07	0.0298163	-1.86661e-06	

Epoch : 871
Total Error : 1.00045
Output : 1.34525e-07	0.0298157	-1.8556e-06	

Epoch : 872
Total Error : 1.00045
Output : 1.19367e-07	0.029815	-1.84471e-06	

Epoch : 873
Total Error : 1.00045
Output : 1.04379e-07	0.0298144	-1.83393e-06	

Epoch : 874
Total Error : 1.00045
Output : 8.95599e-08	0.0298138	-1.82326e-06	

Epoch : 875
Total Error : 1.00045
Output : 7.49071e-08	0.0298132	-1.8127e-06	

Epoch : 876
Total Error : 1.00045
Output : 6.04189e-08	0.0298125	-1.80225e-06	

Epoch : 877
Total Error : 1.00045
Output : 4.60934e-08	0.0298119	-1.7919e-06	

Epoch : 878
Total Error : 1.00045
Output : 3.19289e-08	0.0298113	-1.78166e-06	

Epoch : 879
Total Error : 1.00045
Output : 1.79236e-08	0.0298107	-1.77153e-06	

Epoch : 880
Total Error : 1.00045
Output : 4.07552e-09	0.0298101	-1.7615e-06	

Epoch : 881
Total Error : 1.00045
Output : -9.61693e-09	0.0298094	-1.75158e-06	

Epoch : 882
Total Error : 1.00045
Output : -2.31555e-08	0.0298088	-1.74176e-06	

Epoch : 883
Total Error : 1.00045
Output : -3.6542e-08	0.0298082	-1.73203e-06	

Epoch : 884
Total Error : 1.00045
Output : -4.97781e-08	0.0298076	-1.72241e-06	

Epoch : 885
Total Error : 1.00045
Output : -6.28655e-08	0.029807	-1.71289e-06	

Epoch : 886
Total Error : 1.00045
Output : -7.58059e-08	0.0298063	-1.70346e-06	

Epoch : 887
Total Error : 1.00045
Output : -8.86008e-08	0.0298057	-1.69414e-06	

Epoch : 888
Total Error : 1.00045
Output : -1.01252e-07	0.0298051	-1.6849e-06	

Epoch : 889
Total Error : 1.00045
Output : -1.13761e-07	0.0298045	-1.67577e-06	

Epoch : 890
Total Error : 1.00045
Output : -1.26129e-07	0.0298039	-1.66672e-06	

Epoch : 891
Total Error : 1.00045
Output : -1.38359e-07	0.0298032	-1.65777e-06	

Epoch : 892
Total Error : 1.00045
Output : -1.50451e-07	0.0298026	-1.64892e-06	

Epoch : 893
Total Error : 1.00045
Output : -1.62407e-07	0.029802	-1.64015e-06	

Epoch : 894
Total Error : 1.00045
Output : -1.74229e-07	0.0298014	-1.63147e-06	

Epoch : 895
Total Error : 1.00045
Output : -1.85918e-07	0.0298008	-1.62289e-06	

Epoch : 896
Total Error : 1.00045
Output : -1.97475e-07	0.0298001	-1.61439e-06	

Epoch : 897
Total Error : 1.00045
Output : -2.08903e-07	0.0297995	-1.60597e-06	

Epoch : 898
Total Error : 1.00045
Output : -2.20202e-07	0.0297989	-1.59765e-06	

Epoch : 899
Total Error : 1.00045
Output : -2.31374e-07	0.0297983	-1.58941e-06	

Epoch : 900
Total Error : 1.00045
Output : -2.42421e-07	0.0297977	-1.58126e-06	

Epoch : 901
Total Error : 1.00045
Output : -2.53344e-07	0.029797	-1.57318e-06	

Epoch : 902
Total Error : 1.00045
Output : -2.64143e-07	0.0297964	-1.5652e-06	

Epoch : 903
Total Error : 1.00045
Output : -2.74822e-07	0.0297958	-1.55729e-06	

Epoch : 904
Total Error : 1.00045
Output : -2.8538e-07	0.0297952	-1.54947e-06	

Epoch : 905
Total Error : 1.00045
Output : -2.9582e-07	0.0297946	-1.54172e-06	

Epoch : 906
Total Error : 1.00045
Output : -3.06142e-07	0.0297939	-1.53406e-06	

Epoch : 907
Total Error : 1.00045
Output : -3.16348e-07	0.0297933	-1.52647e-06	

Epoch : 908
Total Error : 1.00045
Output : -3.26439e-07	0.0297927	-1.51896e-06	

Epoch : 909
Total Error : 1.00045
Output : -3.36417e-07	0.0297921	-1.51153e-06	

Epoch : 910
Total Error : 1.00045
Output : -3.46283e-07	0.0297915	-1.50418e-06	

Epoch : 911
Total Error : 1.00045
Output : -3.56038e-07	0.0297909	-1.4969e-06	

Epoch : 912
Total Error : 1.00045
Output : -3.65683e-07	0.0297902	-1.4897e-06	

Epoch : 913
Total Error : 1.00045
Output : -3.7522e-07	0.0297896	-1.48257e-06	

Epoch : 914
Total Error : 1.00045
Output : -3.84649e-07	0.029789	-1.47551e-06	

Epoch : 915
Total Error : 1.00045
Output : -3.93973e-07	0.0297884	-1.46853e-06	

Epoch : 916
Total Error : 1.00045
Output : -4.03191e-07	0.0297878	-1.46162e-06	

Epoch : 917
Total Error : 1.00045
Output : -4.12306e-07	0.0297871	-1.45478e-06	

Epoch : 918
Total Error : 1.00045
Output : -4.21319e-07	0.0297865	-1.44801e-06	

Epoch : 919
Total Error : 1.00045
Output : -4.30229e-07	0.0297859	-1.4413e-06	

Epoch : 920
Total Error : 1.00045
Output : -4.3904e-07	0.0297853	-1.43467e-06	

Epoch : 921
Total Error : 1.00045
Output : -4.47752e-07	0.0297847	-1.42811e-06	

Epoch : 922
Total Error : 1.00045
Output : -4.56365e-07	0.029784	-1.42161e-06	

Epoch : 923
Total Error : 1.00045
Output : -4.64882e-07	0.0297834	-1.41518e-06	

Epoch : 924
Total Error : 1.00045
Output : -4.73303e-07	0.0297828	-1.40882e-06	

Epoch : 925
Total Error : 1.00045
Output : -4.81629e-07	0.0297822	-1.40252e-06	

Epoch : 926
Total Error : 1.00045
Output : -4.89862e-07	0.0297816	-1.39629e-06	

Epoch : 927
Total Error : 1.00045
Output : -4.98001e-07	0.029781	-1.39012e-06	

Epoch : 928
Total Error : 1.00045
Output : -5.0605e-07	0.0297803	-1.38401e-06	

Epoch : 929
Total Error : 1.00045
Output : -5.14007e-07	0.0297797	-1.37797e-06	

Epoch : 930
Total Error : 1.00045
Output : -5.21875e-07	0.0297791	-1.37198e-06	

Epoch : 931
Total Error : 1.00045
Output : -5.29655e-07	0.0297785	-1.36606e-06	

Epoch : 932
Total Error : 1.00045
Output : -5.37347e-07	0.0297779	-1.3602e-06	

Epoch : 933
Total Error : 1.00045
Output : -5.44952e-07	0.0297772	-1.3544e-06	

Epoch : 934
Total Error : 1.00045
Output : -5.52471e-07	0.0297766	-1.34867e-06	

Epoch : 935
Total Error : 1.00045
Output : -5.59907e-07	0.029776	-1.34298e-06	

Epoch : 936
Total Error : 1.00045
Output : -5.67258e-07	0.0297754	-1.33736e-06	

Epoch : 937
Total Error : 1.00045
Output : -5.74526e-07	0.0297748	-1.3318e-06	

Epoch : 938
Total Error : 1.00045
Output : -5.81713e-07	0.0297742	-1.32629e-06	

Epoch : 939
Total Error : 1.00045
Output : -5.88819e-07	0.0297735	-1.32084e-06	

Epoch : 940
Total Error : 1.00045
Output : -5.95844e-07	0.0297729	-1.31544e-06	

Epoch : 941
Total Error : 1.00045
Output : -6.02791e-07	0.0297723	-1.3101e-06	

Epoch : 942
Total Error : 1.00045
Output : -6.09659e-07	0.0297717	-1.30482e-06	

Epoch : 943
Total Error : 1.00045
Output : -6.1645e-07	0.0297711	-1.29959e-06	

Epoch : 944
Total Error : 1.00045
Output : -6.23164e-07	0.0297705	-1.29441e-06	

Epoch : 945
Total Error : 1.00045
Output : -6.29803e-07	0.0297698	-1.28929e-06	

Epoch : 946
Total Error : 1.00045
Output : -6.36367e-07	0.0297692	-1.28422e-06	

Epoch : 947
Total Error : 1.00045
Output : -6.42857e-07	0.0297686	-1.2792e-06	

Epoch : 948
Total Error : 1.00044
Output : -6.49274e-07	0.029768	-1.27423e-06	

Epoch : 949
Total Error : 1.00044
Output : -6.55618e-07	0.0297674	-1.26931e-06	

Epoch : 950
Total Error : 1.00044
Output : -6.61891e-07	0.0297668	-1.26444e-06	

Epoch : 951
Total Error : 1.00044
Output : -6.68093e-07	0.0297661	-1.25963e-06	

Epoch : 952
Total Error : 1.00044
Output : -6.74226e-07	0.0297655	-1.25486e-06	

Epoch : 953
Total Error : 1.00044
Output : -6.80289e-07	0.0297649	-1.25014e-06	

Epoch : 954
Total Error : 1.00044
Output : -6.86284e-07	0.0297643	-1.24547e-06	

Epoch : 955
Total Error : 1.00044
Output : -6.92211e-07	0.0297637	-1.24085e-06	

Epoch : 956
Total Error : 1.00044
Output : -6.98071e-07	0.0297631	-1.23627e-06	

Epoch : 957
Total Error : 1.00044
Output : -7.03865e-07	0.0297624	-1.23175e-06	

Epoch : 958
Total Error : 1.00044
Output : -7.09594e-07	0.0297618	-1.22727e-06	

Epoch : 959
Total Error : 1.00044
Output : -7.15258e-07	0.0297612	-1.22283e-06	

Epoch : 960
Total Error : 1.00044
Output : -7.20859e-07	0.0297606	-1.21844e-06	

Epoch : 961
Total Error : 1.00044
Output : -7.26396e-07	0.02976	-1.21409e-06	

Epoch : 962
Total Error : 1.00044
Output : -7.3187e-07	0.0297594	-1.20979e-06	

Epoch : 963
Total Error : 1.00044
Output : -7.37283e-07	0.0297587	-1.20554e-06	

Epoch : 964
Total Error : 1.00044
Output : -7.42635e-07	0.0297581	-1.20132e-06	

Epoch : 965
Total Error : 1.00044
Output : -7.47926e-07	0.0297575	-1.19715e-06	

Epoch : 966
Total Error : 1.00044
Output : -7.53157e-07	0.0297569	-1.19303e-06	

Epoch : 967
Total Error : 1.00044
Output : -7.5833e-07	0.0297563	-1.18894e-06	

Epoch : 968
Total Error : 1.00044
Output : -7.63444e-07	0.0297557	-1.1849e-06	

Epoch : 969
Total Error : 1.00044
Output : -7.685e-07	0.029755	-1.1809e-06	

Epoch : 970
Total Error : 1.00044
Output : -7.73499e-07	0.0297544	-1.17694e-06	

Epoch : 971
Total Error : 1.00044
Output : -7.78441e-07	0.0297538	-1.17301e-06	

Epoch : 972
Total Error : 1.00044
Output : -7.83328e-07	0.0297532	-1.16913e-06	

Epoch : 973
Total Error : 1.00044
Output : -7.8816e-07	0.0297526	-1.16529e-06	

Epoch : 974
Total Error : 1.00044
Output : -7.92936e-07	0.029752	-1.16149e-06	

Epoch : 975
Total Error : 1.00044
Output : -7.97659e-07	0.0297514	-1.15773e-06	

Epoch : 976
Total Error : 1.00044
Output : -8.02329e-07	0.0297507	-1.15401e-06	

Epoch : 977
Total Error : 1.00044
Output : -8.06945e-07	0.0297501	-1.15032e-06	

Epoch : 978
Total Error : 1.00044
Output : -8.1151e-07	0.0297495	-1.14667e-06	

Epoch : 979
Total Error : 1.00044
Output : -8.16023e-07	0.0297489	-1.14306e-06	

Epoch : 980
Total Error : 1.00044
Output : -8.20484e-07	0.0297483	-1.13949e-06	

Epoch : 981
Total Error : 1.00044
Output : -8.24896e-07	0.0297477	-1.13595e-06	

Epoch : 982
Total Error : 1.00044
Output : -8.29257e-07	0.029747	-1.13245e-06	

Epoch : 983
Total Error : 1.00044
Output : -8.33569e-07	0.0297464	-1.12898e-06	

Epoch : 984
Total Error : 1.00044
Output : -8.37832e-07	0.0297458	-1.12555e-06	

Epoch : 985
Total Error : 1.00044
Output : -8.42047e-07	0.0297452	-1.12216e-06	

Epoch : 986
Total Error : 1.00044
Output : -8.46214e-07	0.0297446	-1.1188e-06	

Epoch : 987
Total Error : 1.00044
Output : -8.50334e-07	0.029744	-1.11547e-06	

Epoch : 988
Total Error : 1.00044
Output : -8.54407e-07	0.0297434	-1.11218e-06	

Epoch : 989
Total Error : 1.00044
Output : -8.58434e-07	0.0297427	-1.10892e-06	

Epoch : 990
Total Error : 1.00044
Output : -8.62416e-07	0.0297421	-1.1057e-06	

Epoch : 991
Total Error : 1.00044
Output : -8.66352e-07	0.0297415	-1.1025e-06	

Epoch : 992
Total Error : 1.00044
Output : -8.70244e-07	0.0297409	-1.09934e-06	

Epoch : 993
Total Error : 1.00044
Output : -8.74092e-07	0.0297403	-1.09622e-06	

Epoch : 994
Total Error : 1.00044
Output : -8.77896e-07	0.0297397	-1.09312e-06	

Epoch : 995
Total Error : 1.00044
Output : -8.81656e-07	0.0297391	-1.09006e-06	

Epoch : 996
Total Error : 1.00044
Output : -8.85375e-07	0.0297384	-1.08702e-06	

Epoch : 997
Total Error : 1.00044
Output : -8.8905e-07	0.0297378	-1.08402e-06	

Epoch : 998
Total Error : 1.00044
Output : -8.92685e-07	0.0297372	-1.08105e-06	

Epoch : 999
Total Error : 1.00044
Output : -8.96278e-07	0.0297366	-1.07811e-06	

