0 0
1 0
2 0
3 0
4 0
5 0
6 0
7 0
8 0
9 0
7 28787989
0 124860658
5 235543106
7 246504708
4 311346104
3 349021732
1 388437511
9 409836312
3 595181715
9 619331540
6 665655446
8 706718118
1 707425685
2 753484620
5 845266823
0 882135358
0 1030418770
7 1127475443
0 1226053489
1 1239139577
4 1283739291
8 1294605118
6 1439488110
5 1448354598
3 1449889884
3 -2072004220
3 -1608585512
3 -1548908744
3 -1532866383
3 -1322759452
3 -420761572
3 -200290717
3 446813631
3 610329083
3 637637794
3 1473976663
2 1488265968
8 1492349613
1 1543303433
1 -2046978439
1 -1998145907
1 -1053850164
1 -213589081
1 193589003
1 916962233
1 1159712187
1 1222451065
9 1564932477
9 -1995307303
9 -1624881844
9 -1017744517
9 -475955239
9 -194952859
9 353742679
9 1004920724
8 1618390623
8 -1694898302
8 -1046145225
8 -628833003
8 -182339363
8 19204780
8 312402552
8 611012676
8 642834555
8 688906349
8 1198597132
8 1382424514
8 -2044810802
8 -1520294439
8 -1143789868
8 -394971747
8 -358605370
8 45525844
8 174157853
8 709874049
8 1180585600
8 1200419303
9 1643351182
1 1667479378
6 1700692640
8 1717267181
6 1759112318
6 -1567968172
6 -1518070977
6 -1329728966
6 -1057641774
6 -259111486
6 -48625320
6 787786085
6 1696986471
